<!DOCTYPE html PUBLIC "-//W3C//DTD XHTML 1.1//EN" "http://www.w3.org/TR/xhtml11/DTD/xhtml11.dtd">
<html xmlns="http://www.w3.org/1999/xhtml"><head><title>TestNG Report</title><style type="text/css">table {margin-bottom:10px;border-collapse:collapse;empty-cells:show}th,td {border:1px solid #009;padding:.25em .5em}th {vertical-align:bottom}td {vertical-align:top}table a {font-weight:bold}.stripe td {background-color: #E6EBF9}.num {text-align:right}.passedodd td {background-color: #3F3}.passedeven td {background-color: #0A0}.skippedodd td {background-color: #DDD}.skippedeven td {background-color: #CCC}.failedodd td,.attn {background-color: #F33}.failedeven td,.stripe .attn {background-color: #D00}.stacktrace {white-space:pre;font-family:monospace}.totop {font-size:85%;text-align:center;border-bottom:2px solid #000}</style></head><body><table><tr><th>Test</th><th># Passed</th><th># Skipped</th><th># Failed</th><th>Time (ms)</th><th>Included Groups</th><th>Excluded Groups</th></tr><tr><th colspan="7">Automation testing</th></tr><tr><td><a href="#t0">Testing Report</a></td><td class="num">12</td><td class="num attn">10</td><td class="num">0</td><td class="num">819,666</td><td></td><td></td></tr></table><table><thead><tr><th>Class</th><th>Method</th><th>Start</th><th>Time (ms)</th></tr></thead><tbody><tr><th colspan="4">Automation testing</th></tr></tbody><tbody id="t0"><tr><th colspan="4">Testing Report &#8212; failed (configuration methods)</th></tr><tr class="failedeven"><td rowspan="1">testcases.accountDetailsPagetest</td><td><a href="#m0">setup</a></td><td rowspan="1">1554970730230</td><td rowspan="1">0</td></tr><tr class="failedodd"><td rowspan="1">testcases.addressPageTest</td><td><a href="#m1">setup</a></td><td rowspan="1">1554970809404</td><td rowspan="1">0</td></tr><tr class="failedeven"><td rowspan="1">testcases.downloadPageTest</td><td><a href="#m2">setup</a></td><td rowspan="1">1554970861383</td><td rowspan="1">0</td></tr><tr class="failedodd"><td rowspan="1">testcases.orderPageTest</td><td><a href="#m3">setup</a></td><td rowspan="1">1554970912511</td><td rowspan="1">0</td></tr><tr><th colspan="4">Testing Report &#8212; skipped (configuration methods)</th></tr><tr class="skippedeven"><td rowspan="3">testcases.accountDetailsPagetest</td><td><a href="#m4">setup</a></td><td rowspan="1">1554970809314</td><td rowspan="1">0</td></tr><tr class="skippedeven"><td><a href="#m5">teardown</a></td><td rowspan="2">1554970809316</td><td rowspan="2">0</td></tr><tr class="skippedeven"><td><a href="#m6">teardown</a></td></tr><tr class="skippedodd"><td rowspan="5">testcases.addressPageTest</td><td><a href="#m7">setup</a></td><td rowspan="2">1554970861381</td><td rowspan="2">0</td></tr><tr class="skippedodd"><td><a href="#m8">setup</a></td></tr><tr class="skippedodd"><td><a href="#m9">teardown</a></td><td rowspan="3">1554970861380</td><td rowspan="3">0</td></tr><tr class="skippedodd"><td><a href="#m10">teardown</a></td></tr><tr class="skippedodd"><td><a href="#m11">teardown</a></td></tr><tr class="skippedeven"><td rowspan="3">testcases.downloadPageTest</td><td><a href="#m12">setup</a></td><td rowspan="1">1554970912505</td><td rowspan="1">0</td></tr><tr class="skippedeven"><td><a href="#m13">teardown</a></td><td rowspan="2">1554970912504</td><td rowspan="2">0</td></tr><tr class="skippedeven"><td><a href="#m14">teardown</a></td></tr><tr class="skippedodd"><td rowspan="5">testcases.orderPageTest</td><td><a href="#m15">setup</a></td><td rowspan="2">1554970962850</td><td rowspan="2">0</td></tr><tr class="skippedodd"><td><a href="#m16">setup</a></td></tr><tr class="skippedodd"><td><a href="#m17">teardown</a></td><td rowspan="3">1554970962849</td><td rowspan="3">0</td></tr><tr class="skippedodd"><td><a href="#m18">teardown</a></td></tr><tr class="skippedodd"><td><a href="#m19">teardown</a></td></tr><tr><th colspan="4">Testing Report &#8212; skipped</th></tr><tr class="skippedeven"><td rowspan="2">testcases.accountDetailsPagetest</td><td><a href="#m20">passwordChangeTest</a></td><td rowspan="2">1554970809315</td><td rowspan="2">1</td></tr><tr class="skippedeven"><td><a href="#m21">passwordChangeTest</a></td></tr><tr class="skippedodd"><td rowspan="3">testcases.addressPageTest</td><td><a href="#m22">BillingAddressTextvisibleTest</a></td><td rowspan="1">1554970861379</td><td rowspan="1">1</td></tr><tr class="skippedodd"><td><a href="#m23">ShippingAddressTextvisibleTest</a></td><td rowspan="1">1554970861381</td><td rowspan="1">1</td></tr><tr class="skippedodd"><td><a href="#m24">UpdateBillingAddressTest</a></td><td rowspan="1">1554970861376</td><td rowspan="1">1</td></tr><tr class="skippedeven"><td rowspan="2">testcases.downloadPageTest</td><td><a href="#m25">goshopbuttonPresentTest</a></td><td rowspan="1">1554970912506</td><td rowspan="1">1</td></tr><tr class="skippedeven"><td><a href="#m26">validateDownloadPageTitleTest</a></td><td rowspan="1">1554970912502</td><td rowspan="1">0</td></tr><tr class="skippedodd"><td rowspan="3">testcases.orderPageTest</td><td><a href="#m27">ShopTest</a></td><td rowspan="1">1554970962847</td><td rowspan="1">1</td></tr><tr class="skippedodd"><td><a href="#m28">goshopbuttonPresentTest</a></td><td rowspan="1">1554970962851</td><td rowspan="1">0</td></tr><tr class="skippedodd"><td><a href="#m29">validateOrderPageTitleTest</a></td><td rowspan="1">1554970962854</td><td rowspan="1">1</td></tr><tr><th colspan="4">Testing Report &#8212; passed</th></tr><tr class="passedeven"><td rowspan="5">testcases.accountDetailsPagetest</td><td><a href="#m30">addnameTest</a></td><td rowspan="4">1554970538392</td><td rowspan="4">4629</td></tr><tr class="passedeven"><td><a href="#m31">addnameTest</a></td></tr><tr class="passedeven"><td><a href="#m32">addnameTest</a></td></tr><tr class="passedeven"><td><a href="#m33">addnameTest</a></td></tr><tr class="passedeven"><td><a href="#m34">passwordChangeTest</a></td><td rowspan="1">1554970725245</td><td rowspan="1">4315</td></tr><tr class="passedodd"><td rowspan="4">testcases.dashBoardPageTest</td><td><a href="#m35">BillingLinkTest</a></td><td rowspan="1">1554970389424</td><td rowspan="1">3253</td></tr><tr class="passedodd"><td><a href="#m36">accountDetailsLinkTest</a></td><td rowspan="1">1554970433286</td><td rowspan="1">2441</td></tr><tr class="passedodd"><td><a href="#m37">dashboardTitleTest</a></td><td rowspan="1">1554970300046</td><td rowspan="1">16</td></tr><tr class="passedodd"><td><a href="#m38">orderLinkTest</a></td><td rowspan="1">1554970342490</td><td rowspan="1">4971</td></tr><tr class="passedeven"><td rowspan="3">testcases.logInPageTest</td><td><a href="#m39">loginPageTitleTest</a></td><td rowspan="1">1554970180300</td><td rowspan="1">16</td></tr><tr class="passedeven"><td><a href="#m40">logintotheAccount</a></td><td rowspan="1">1554970253838</td><td rowspan="1">5567</td></tr><tr class="passedeven"><td><a href="#m41">logoImagetest</a></td><td rowspan="1">1554970217192</td><td rowspan="1">43</td></tr></tbody></table><h2>Testing Report</h2><h3 id="m0">testcases.accountDetailsPagetest#setup</h3><table class="result"><tr><th>Exception</th></tr><tr><td><div class="stacktrace">org.openqa.selenium.NoSuchElementException: no such element: Unable to locate element: {&quot;method&quot;:&quot;xpath&quot;,&quot;selector&quot;:&quot;//a[contains(text(),&apos;edit your password and account details&apos;)] &quot;}
  (Session info: chrome=73.0.3683.86)
  (Driver info: chromedriver=2.45.615291 (ec3682e3c9061c10f26ea9e5cdcf3c53f3f74387),platform=Windows NT 10.0.17134 x86_64) (WARNING: The server did not provide any stacktrace information)
Command duration or timeout: 0 milliseconds
For documentation on this error, please visit: http://seleniumhq.org/exceptions/no_such_element.html
Build info: version: &apos;3.5.2&apos;, revision: &apos;10229a9&apos;, time: &apos;2017-08-21T17:29:55.15Z&apos;
System info: host: &apos;LAPTOP-345AI7ST&apos;, ip: &apos;192.168.1.9&apos;, os.name: &apos;Windows 10&apos;, os.arch: &apos;amd64&apos;, os.version: &apos;10.0&apos;, java.version: &apos;1.8.0_161&apos;
Driver info: org.openqa.selenium.chrome.ChromeDriver
Capabilities [{mobileEmulationEnabled=false, timeouts={implicit=0, pageLoad=300000, script=30000}, hasTouchScreen=false, platform=XP, acceptSslCerts=false, goog:chromeOptions={debuggerAddress=localhost:61096}, acceptInsecureCerts=false, webStorageEnabled=true, browserName=chrome, takesScreenshot=true, javascriptEnabled=true, setWindowRect=true, unexpectedAlertBehaviour=ignore, applicationCacheEnabled=false, rotatable=false, networkConnectionEnabled=false, chrome={chromedriverVersion=2.45.615291 (ec3682e3c9061c10f26ea9e5cdcf3c53f3f74387), userDataDir=C:\Users\Lenovo\AppData\Local\Temp\scoped_dir15844_22361}, takesHeapSnapshot=true, unhandledPromptBehavior=ignore, pageLoadStrategy=normal, strictFileInteractability=false, databaseEnabled=false, handlesAlerts=true, version=73.0.3683.86, browserConnectionEnabled=false, proxy=Proxy(), nativeEvents=true, locationContextEnabled=true, cssSelectorsEnabled=true}]
Session ID: b45fdbe23f4559efb03d873f9846356e
*** Element info: {Using=xpath, value=//a[contains(text(),&apos;edit your password and account details&apos;)] }
	at sun.reflect.NativeConstructorAccessorImpl.newInstance0(Native Method)
	at sun.reflect.NativeConstructorAccessorImpl.newInstance(Unknown Source)
	at sun.reflect.DelegatingConstructorAccessorImpl.newInstance(Unknown Source)
	at java.lang.reflect.Constructor.newInstance(Unknown Source)
	at org.openqa.selenium.remote.ErrorHandler.createThrowable(ErrorHandler.java:215)
	at org.openqa.selenium.remote.ErrorHandler.throwIfResponseFailed(ErrorHandler.java:167)
	at org.openqa.selenium.remote.http.JsonHttpResponseCodec.reconstructValue(JsonHttpResponseCodec.java:40)
	at org.openqa.selenium.remote.http.AbstractHttpResponseCodec.decode(AbstractHttpResponseCodec.java:82)
	at org.openqa.selenium.remote.http.AbstractHttpResponseCodec.decode(AbstractHttpResponseCodec.java:45)
	at org.openqa.selenium.remote.HttpCommandExecutor.execute(HttpCommandExecutor.java:164)
	at org.openqa.selenium.remote.service.DriverCommandExecutor.execute(DriverCommandExecutor.java:82)
	at org.openqa.selenium.remote.RemoteWebDriver.execute(RemoteWebDriver.java:641)
	at org.openqa.selenium.remote.RemoteWebDriver.findElement(RemoteWebDriver.java:414)
	at org.openqa.selenium.remote.RemoteWebDriver.findElementByXPath(RemoteWebDriver.java:513)
	at org.openqa.selenium.By$ByXPath.findElement(By.java:361)
	at org.openqa.selenium.remote.RemoteWebDriver.findElement(RemoteWebDriver.java:406)
	at appLib.dashboardPage.clickOnAccountDetailsLink(dashboardPage.java:30)
	at testcases.accountDetailsPagetest.setup(accountDetailsPagetest.java:33)
	at sun.reflect.NativeMethodAccessorImpl.invoke0(Native Method)
	at sun.reflect.NativeMethodAccessorImpl.invoke(Unknown Source)
	at sun.reflect.DelegatingMethodAccessorImpl.invoke(Unknown Source)
	at java.lang.reflect.Method.invoke(Unknown Source)
	at org.testng.internal.MethodInvocationHelper.invokeMethod(MethodInvocationHelper.java:86)
	at org.testng.internal.Invoker.invokeConfigurationMethod(Invoker.java:514)
	at org.testng.internal.Invoker.invokeConfigurations(Invoker.java:215)
	at org.testng.internal.Invoker.invokeMethod(Invoker.java:589)
	at org.testng.internal.Invoker.invokeTestMethod(Invoker.java:820)
	at org.testng.internal.Invoker.invokeTestMethods(Invoker.java:1128)
	at org.testng.internal.TestMethodWorker.invokeTestMethods(TestMethodWorker.java:129)
	at org.testng.internal.TestMethodWorker.run(TestMethodWorker.java:112)
	at org.testng.TestRunner.privateRun(TestRunner.java:782)
	at org.testng.TestRunner.run(TestRunner.java:632)
	at org.testng.SuiteRunner.runTest(SuiteRunner.java:366)
	at org.testng.SuiteRunner.runSequentially(SuiteRunner.java:361)
	at org.testng.SuiteRunner.privateRun(SuiteRunner.java:319)
	at org.testng.SuiteRunner.run(SuiteRunner.java:268)
	at org.testng.SuiteRunnerWorker.runSuite(SuiteRunnerWorker.java:52)
	at org.testng.SuiteRunnerWorker.run(SuiteRunnerWorker.java:86)
	at org.testng.TestNG.runSuitesSequentially(TestNG.java:1244)
	at org.testng.TestNG.runSuitesLocally(TestNG.java:1169)
	at org.testng.TestNG.run(TestNG.java:1064)
	at org.testng.remote.RemoteTestNG.run(RemoteTestNG.java:113)
	at org.testng.remote.RemoteTestNG.initAndRun(RemoteTestNG.java:206)
	at org.testng.remote.RemoteTestNG.main(RemoteTestNG.java:177)
</div></td></tr></table><p class="totop"><a href="#summary">back to summary</a></p><h3 id="m1">testcases.addressPageTest#setup</h3><table class="result"><tr><th>Exception</th></tr><tr><td><div class="stacktrace">org.openqa.selenium.NoSuchElementException: no such element: Unable to locate element: {&quot;method&quot;:&quot;xpath&quot;,&quot;selector&quot;:&quot;//a[contains(text(),&apos;shipping and billing addresses&apos;)] &quot;}
  (Session info: chrome=73.0.3683.86)
  (Driver info: chromedriver=2.45.615291 (ec3682e3c9061c10f26ea9e5cdcf3c53f3f74387),platform=Windows NT 10.0.17134 x86_64) (WARNING: The server did not provide any stacktrace information)
Command duration or timeout: 0 milliseconds
For documentation on this error, please visit: http://seleniumhq.org/exceptions/no_such_element.html
Build info: version: &apos;3.5.2&apos;, revision: &apos;10229a9&apos;, time: &apos;2017-08-21T17:29:55.15Z&apos;
System info: host: &apos;LAPTOP-345AI7ST&apos;, ip: &apos;192.168.1.9&apos;, os.name: &apos;Windows 10&apos;, os.arch: &apos;amd64&apos;, os.version: &apos;10.0&apos;, java.version: &apos;1.8.0_161&apos;
Driver info: org.openqa.selenium.chrome.ChromeDriver
Capabilities [{mobileEmulationEnabled=false, timeouts={implicit=0, pageLoad=300000, script=30000}, hasTouchScreen=false, platform=XP, acceptSslCerts=false, goog:chromeOptions={debuggerAddress=localhost:56806}, acceptInsecureCerts=false, webStorageEnabled=true, browserName=chrome, takesScreenshot=true, javascriptEnabled=true, setWindowRect=true, unexpectedAlertBehaviour=ignore, applicationCacheEnabled=false, rotatable=false, networkConnectionEnabled=false, chrome={chromedriverVersion=2.45.615291 (ec3682e3c9061c10f26ea9e5cdcf3c53f3f74387), userDataDir=C:\Users\Lenovo\AppData\Local\Temp\scoped_dir14516_29885}, takesHeapSnapshot=true, unhandledPromptBehavior=ignore, pageLoadStrategy=normal, strictFileInteractability=false, databaseEnabled=false, handlesAlerts=true, version=73.0.3683.86, browserConnectionEnabled=false, proxy=Proxy(), nativeEvents=true, locationContextEnabled=true, cssSelectorsEnabled=true}]
Session ID: 9776e5e035bd179d03b76b4c564b8f26
*** Element info: {Using=xpath, value=//a[contains(text(),&apos;shipping and billing addresses&apos;)] }
	at sun.reflect.NativeConstructorAccessorImpl.newInstance0(Native Method)
	at sun.reflect.NativeConstructorAccessorImpl.newInstance(Unknown Source)
	at sun.reflect.DelegatingConstructorAccessorImpl.newInstance(Unknown Source)
	at java.lang.reflect.Constructor.newInstance(Unknown Source)
	at org.openqa.selenium.remote.ErrorHandler.createThrowable(ErrorHandler.java:215)
	at org.openqa.selenium.remote.ErrorHandler.throwIfResponseFailed(ErrorHandler.java:167)
	at org.openqa.selenium.remote.http.JsonHttpResponseCodec.reconstructValue(JsonHttpResponseCodec.java:40)
	at org.openqa.selenium.remote.http.AbstractHttpResponseCodec.decode(AbstractHttpResponseCodec.java:82)
	at org.openqa.selenium.remote.http.AbstractHttpResponseCodec.decode(AbstractHttpResponseCodec.java:45)
	at org.openqa.selenium.remote.HttpCommandExecutor.execute(HttpCommandExecutor.java:164)
	at org.openqa.selenium.remote.service.DriverCommandExecutor.execute(DriverCommandExecutor.java:82)
	at org.openqa.selenium.remote.RemoteWebDriver.execute(RemoteWebDriver.java:641)
	at org.openqa.selenium.remote.RemoteWebDriver.findElement(RemoteWebDriver.java:414)
	at org.openqa.selenium.remote.RemoteWebDriver.findElementByXPath(RemoteWebDriver.java:513)
	at org.openqa.selenium.By$ByXPath.findElement(By.java:361)
	at org.openqa.selenium.remote.RemoteWebDriver.findElement(RemoteWebDriver.java:406)
	at appLib.dashboardPage.clickOnBillingLink(dashboardPage.java:25)
	at testcases.addressPageTest.setup(addressPageTest.java:32)
	at sun.reflect.NativeMethodAccessorImpl.invoke0(Native Method)
	at sun.reflect.NativeMethodAccessorImpl.invoke(Unknown Source)
	at sun.reflect.DelegatingMethodAccessorImpl.invoke(Unknown Source)
	at java.lang.reflect.Method.invoke(Unknown Source)
	at org.testng.internal.MethodInvocationHelper.invokeMethod(MethodInvocationHelper.java:86)
	at org.testng.internal.Invoker.invokeConfigurationMethod(Invoker.java:514)
	at org.testng.internal.Invoker.invokeConfigurations(Invoker.java:215)
	at org.testng.internal.Invoker.invokeMethod(Invoker.java:589)
	at org.testng.internal.Invoker.invokeTestMethod(Invoker.java:820)
	at org.testng.internal.Invoker.invokeTestMethods(Invoker.java:1128)
	at org.testng.internal.TestMethodWorker.invokeTestMethods(TestMethodWorker.java:129)
	at org.testng.internal.TestMethodWorker.run(TestMethodWorker.java:112)
	at org.testng.TestRunner.privateRun(TestRunner.java:782)
	at org.testng.TestRunner.run(TestRunner.java:632)
	at org.testng.SuiteRunner.runTest(SuiteRunner.java:366)
	at org.testng.SuiteRunner.runSequentially(SuiteRunner.java:361)
	at org.testng.SuiteRunner.privateRun(SuiteRunner.java:319)
	at org.testng.SuiteRunner.run(SuiteRunner.java:268)
	at org.testng.SuiteRunnerWorker.runSuite(SuiteRunnerWorker.java:52)
	at org.testng.SuiteRunnerWorker.run(SuiteRunnerWorker.java:86)
	at org.testng.TestNG.runSuitesSequentially(TestNG.java:1244)
	at org.testng.TestNG.runSuitesLocally(TestNG.java:1169)
	at org.testng.TestNG.run(TestNG.java:1064)
	at org.testng.remote.RemoteTestNG.run(RemoteTestNG.java:113)
	at org.testng.remote.RemoteTestNG.initAndRun(RemoteTestNG.java:206)
	at org.testng.remote.RemoteTestNG.main(RemoteTestNG.java:177)
</div></td></tr></table><p class="totop"><a href="#summary">back to summary</a></p><h3 id="m2">testcases.downloadPageTest#setup</h3><table class="result"><tr><th>Exception</th></tr><tr><td><div class="stacktrace">org.openqa.selenium.NoSuchElementException: no such element: Unable to locate element: {&quot;method&quot;:&quot;xpath&quot;,&quot;selector&quot;:&quot;//a[contains(text(),&apos;Downloads&apos;)]&quot;}
  (Session info: chrome=73.0.3683.86)
  (Driver info: chromedriver=2.45.615291 (ec3682e3c9061c10f26ea9e5cdcf3c53f3f74387),platform=Windows NT 10.0.17134 x86_64) (WARNING: The server did not provide any stacktrace information)
Command duration or timeout: 0 milliseconds
For documentation on this error, please visit: http://seleniumhq.org/exceptions/no_such_element.html
Build info: version: &apos;3.5.2&apos;, revision: &apos;10229a9&apos;, time: &apos;2017-08-21T17:29:55.15Z&apos;
System info: host: &apos;LAPTOP-345AI7ST&apos;, ip: &apos;192.168.1.9&apos;, os.name: &apos;Windows 10&apos;, os.arch: &apos;amd64&apos;, os.version: &apos;10.0&apos;, java.version: &apos;1.8.0_161&apos;
Driver info: org.openqa.selenium.chrome.ChromeDriver
Capabilities [{mobileEmulationEnabled=false, timeouts={implicit=0, pageLoad=300000, script=30000}, hasTouchScreen=false, platform=XP, acceptSslCerts=false, goog:chromeOptions={debuggerAddress=localhost:56958}, acceptInsecureCerts=false, webStorageEnabled=true, browserName=chrome, takesScreenshot=true, javascriptEnabled=true, setWindowRect=true, unexpectedAlertBehaviour=ignore, applicationCacheEnabled=false, rotatable=false, networkConnectionEnabled=false, chrome={chromedriverVersion=2.45.615291 (ec3682e3c9061c10f26ea9e5cdcf3c53f3f74387), userDataDir=C:\Users\Lenovo\AppData\Local\Temp\scoped_dir15576_31330}, takesHeapSnapshot=true, unhandledPromptBehavior=ignore, pageLoadStrategy=normal, strictFileInteractability=false, databaseEnabled=false, handlesAlerts=true, version=73.0.3683.86, browserConnectionEnabled=false, proxy=Proxy(), nativeEvents=true, locationContextEnabled=true, cssSelectorsEnabled=true}]
Session ID: 8c5fd0edb5f0dd25b9d7e3051eee9adc
*** Element info: {Using=xpath, value=//a[contains(text(),&apos;Downloads&apos;)]}
	at sun.reflect.NativeConstructorAccessorImpl.newInstance0(Native Method)
	at sun.reflect.NativeConstructorAccessorImpl.newInstance(Unknown Source)
	at sun.reflect.DelegatingConstructorAccessorImpl.newInstance(Unknown Source)
	at java.lang.reflect.Constructor.newInstance(Unknown Source)
	at org.openqa.selenium.remote.ErrorHandler.createThrowable(ErrorHandler.java:215)
	at org.openqa.selenium.remote.ErrorHandler.throwIfResponseFailed(ErrorHandler.java:167)
	at org.openqa.selenium.remote.http.JsonHttpResponseCodec.reconstructValue(JsonHttpResponseCodec.java:40)
	at org.openqa.selenium.remote.http.AbstractHttpResponseCodec.decode(AbstractHttpResponseCodec.java:82)
	at org.openqa.selenium.remote.http.AbstractHttpResponseCodec.decode(AbstractHttpResponseCodec.java:45)
	at org.openqa.selenium.remote.HttpCommandExecutor.execute(HttpCommandExecutor.java:164)
	at org.openqa.selenium.remote.service.DriverCommandExecutor.execute(DriverCommandExecutor.java:82)
	at org.openqa.selenium.remote.RemoteWebDriver.execute(RemoteWebDriver.java:641)
	at org.openqa.selenium.remote.RemoteWebDriver.findElement(RemoteWebDriver.java:414)
	at org.openqa.selenium.remote.RemoteWebDriver.findElementByXPath(RemoteWebDriver.java:513)
	at org.openqa.selenium.By$ByXPath.findElement(By.java:361)
	at org.openqa.selenium.remote.RemoteWebDriver.findElement(RemoteWebDriver.java:406)
	at appLib.dashboardPage.clickOnDownloadPageLink(dashboardPage.java:35)
	at testcases.downloadPageTest.setup(downloadPageTest.java:29)
	at sun.reflect.NativeMethodAccessorImpl.invoke0(Native Method)
	at sun.reflect.NativeMethodAccessorImpl.invoke(Unknown Source)
	at sun.reflect.DelegatingMethodAccessorImpl.invoke(Unknown Source)
	at java.lang.reflect.Method.invoke(Unknown Source)
	at org.testng.internal.MethodInvocationHelper.invokeMethod(MethodInvocationHelper.java:86)
	at org.testng.internal.Invoker.invokeConfigurationMethod(Invoker.java:514)
	at org.testng.internal.Invoker.invokeConfigurations(Invoker.java:215)
	at org.testng.internal.Invoker.invokeMethod(Invoker.java:589)
	at org.testng.internal.Invoker.invokeTestMethod(Invoker.java:820)
	at org.testng.internal.Invoker.invokeTestMethods(Invoker.java:1128)
	at org.testng.internal.TestMethodWorker.invokeTestMethods(TestMethodWorker.java:129)
	at org.testng.internal.TestMethodWorker.run(TestMethodWorker.java:112)
	at org.testng.TestRunner.privateRun(TestRunner.java:782)
	at org.testng.TestRunner.run(TestRunner.java:632)
	at org.testng.SuiteRunner.runTest(SuiteRunner.java:366)
	at org.testng.SuiteRunner.runSequentially(SuiteRunner.java:361)
	at org.testng.SuiteRunner.privateRun(SuiteRunner.java:319)
	at org.testng.SuiteRunner.run(SuiteRunner.java:268)
	at org.testng.SuiteRunnerWorker.runSuite(SuiteRunnerWorker.java:52)
	at org.testng.SuiteRunnerWorker.run(SuiteRunnerWorker.java:86)
	at org.testng.TestNG.runSuitesSequentially(TestNG.java:1244)
	at org.testng.TestNG.runSuitesLocally(TestNG.java:1169)
	at org.testng.TestNG.run(TestNG.java:1064)
	at org.testng.remote.RemoteTestNG.run(RemoteTestNG.java:113)
	at org.testng.remote.RemoteTestNG.initAndRun(RemoteTestNG.java:206)
	at org.testng.remote.RemoteTestNG.main(RemoteTestNG.java:177)
</div></td></tr></table><p class="totop"><a href="#summary">back to summary</a></p><h3 id="m3">testcases.orderPageTest#setup</h3><table class="result"><tr><th>Exception</th></tr><tr><td><div class="stacktrace">org.openqa.selenium.NoSuchElementException: no such element: Unable to locate element: {&quot;method&quot;:&quot;xpath&quot;,&quot;selector&quot;:&quot;//a[contains(text(),&apos;recent orders&apos;)]&quot;}
  (Session info: chrome=73.0.3683.86)
  (Driver info: chromedriver=2.45.615291 (ec3682e3c9061c10f26ea9e5cdcf3c53f3f74387),platform=Windows NT 10.0.17134 x86_64) (WARNING: The server did not provide any stacktrace information)
Command duration or timeout: 0 milliseconds
For documentation on this error, please visit: http://seleniumhq.org/exceptions/no_such_element.html
Build info: version: &apos;3.5.2&apos;, revision: &apos;10229a9&apos;, time: &apos;2017-08-21T17:29:55.15Z&apos;
System info: host: &apos;LAPTOP-345AI7ST&apos;, ip: &apos;192.168.1.9&apos;, os.name: &apos;Windows 10&apos;, os.arch: &apos;amd64&apos;, os.version: &apos;10.0&apos;, java.version: &apos;1.8.0_161&apos;
Driver info: org.openqa.selenium.chrome.ChromeDriver
Capabilities [{mobileEmulationEnabled=false, timeouts={implicit=0, pageLoad=300000, script=30000}, hasTouchScreen=false, platform=XP, acceptSslCerts=false, goog:chromeOptions={debuggerAddress=localhost:57089}, acceptInsecureCerts=false, webStorageEnabled=true, browserName=chrome, takesScreenshot=true, javascriptEnabled=true, setWindowRect=true, unexpectedAlertBehaviour=ignore, applicationCacheEnabled=false, rotatable=false, networkConnectionEnabled=false, chrome={chromedriverVersion=2.45.615291 (ec3682e3c9061c10f26ea9e5cdcf3c53f3f74387), userDataDir=C:\Users\Lenovo\AppData\Local\Temp\scoped_dir14032_12024}, takesHeapSnapshot=true, unhandledPromptBehavior=ignore, pageLoadStrategy=normal, strictFileInteractability=false, databaseEnabled=false, handlesAlerts=true, version=73.0.3683.86, browserConnectionEnabled=false, proxy=Proxy(), nativeEvents=true, locationContextEnabled=true, cssSelectorsEnabled=true}]
Session ID: ace682319487e24287e086a17e0e5c79
*** Element info: {Using=xpath, value=//a[contains(text(),&apos;recent orders&apos;)]}
	at sun.reflect.NativeConstructorAccessorImpl.newInstance0(Native Method)
	at sun.reflect.NativeConstructorAccessorImpl.newInstance(Unknown Source)
	at sun.reflect.DelegatingConstructorAccessorImpl.newInstance(Unknown Source)
	at java.lang.reflect.Constructor.newInstance(Unknown Source)
	at org.openqa.selenium.remote.ErrorHandler.createThrowable(ErrorHandler.java:215)
	at org.openqa.selenium.remote.ErrorHandler.throwIfResponseFailed(ErrorHandler.java:167)
	at org.openqa.selenium.remote.http.JsonHttpResponseCodec.reconstructValue(JsonHttpResponseCodec.java:40)
	at org.openqa.selenium.remote.http.AbstractHttpResponseCodec.decode(AbstractHttpResponseCodec.java:82)
	at org.openqa.selenium.remote.http.AbstractHttpResponseCodec.decode(AbstractHttpResponseCodec.java:45)
	at org.openqa.selenium.remote.HttpCommandExecutor.execute(HttpCommandExecutor.java:164)
	at org.openqa.selenium.remote.service.DriverCommandExecutor.execute(DriverCommandExecutor.java:82)
	at org.openqa.selenium.remote.RemoteWebDriver.execute(RemoteWebDriver.java:641)
	at org.openqa.selenium.remote.RemoteWebDriver.findElement(RemoteWebDriver.java:414)
	at org.openqa.selenium.remote.RemoteWebDriver.findElementByXPath(RemoteWebDriver.java:513)
	at org.openqa.selenium.By$ByXPath.findElement(By.java:361)
	at org.openqa.selenium.remote.RemoteWebDriver.findElement(RemoteWebDriver.java:406)
	at appLib.dashboardPage.clickOnOrderLink(dashboardPage.java:20)
	at testcases.orderPageTest.setup(orderPageTest.java:29)
	at sun.reflect.NativeMethodAccessorImpl.invoke0(Native Method)
	at sun.reflect.NativeMethodAccessorImpl.invoke(Unknown Source)
	at sun.reflect.DelegatingMethodAccessorImpl.invoke(Unknown Source)
	at java.lang.reflect.Method.invoke(Unknown Source)
	at org.testng.internal.MethodInvocationHelper.invokeMethod(MethodInvocationHelper.java:86)
	at org.testng.internal.Invoker.invokeConfigurationMethod(Invoker.java:514)
	at org.testng.internal.Invoker.invokeConfigurations(Invoker.java:215)
	at org.testng.internal.Invoker.invokeMethod(Invoker.java:589)
	at org.testng.internal.Invoker.invokeTestMethod(Invoker.java:820)
	at org.testng.internal.Invoker.invokeTestMethods(Invoker.java:1128)
	at org.testng.internal.TestMethodWorker.invokeTestMethods(TestMethodWorker.java:129)
	at org.testng.internal.TestMethodWorker.run(TestMethodWorker.java:112)
	at org.testng.TestRunner.privateRun(TestRunner.java:782)
	at org.testng.TestRunner.run(TestRunner.java:632)
	at org.testng.SuiteRunner.runTest(SuiteRunner.java:366)
	at org.testng.SuiteRunner.runSequentially(SuiteRunner.java:361)
	at org.testng.SuiteRunner.privateRun(SuiteRunner.java:319)
	at org.testng.SuiteRunner.run(SuiteRunner.java:268)
	at org.testng.SuiteRunnerWorker.runSuite(SuiteRunnerWorker.java:52)
	at org.testng.SuiteRunnerWorker.run(SuiteRunnerWorker.java:86)
	at org.testng.TestNG.runSuitesSequentially(TestNG.java:1244)
	at org.testng.TestNG.runSuitesLocally(TestNG.java:1169)
	at org.testng.TestNG.run(TestNG.java:1064)
	at org.testng.remote.RemoteTestNG.run(RemoteTestNG.java:113)
	at org.testng.remote.RemoteTestNG.initAndRun(RemoteTestNG.java:206)
	at org.testng.remote.RemoteTestNG.main(RemoteTestNG.java:177)
</div></td></tr></table><p class="totop"><a href="#summary">back to summary</a></p><h3 id="m4">testcases.accountDetailsPagetest#setup</h3><table class="result"></table><p class="totop"><a href="#summary">back to summary</a></p><h3 id="m5">testcases.accountDetailsPagetest#teardown</h3><table class="result"></table><p class="totop"><a href="#summary">back to summary</a></p><h3 id="m6">testcases.accountDetailsPagetest#teardown</h3><table class="result"></table><p class="totop"><a href="#summary">back to summary</a></p><h3 id="m7">testcases.addressPageTest#setup</h3><table class="result"></table><p class="totop"><a href="#summary">back to summary</a></p><h3 id="m8">testcases.addressPageTest#setup</h3><table class="result"></table><p class="totop"><a href="#summary">back to summary</a></p><h3 id="m9">testcases.addressPageTest#teardown</h3><table class="result"></table><p class="totop"><a href="#summary">back to summary</a></p><h3 id="m10">testcases.addressPageTest#teardown</h3><table class="result"></table><p class="totop"><a href="#summary">back to summary</a></p><h3 id="m11">testcases.addressPageTest#teardown</h3><table class="result"></table><p class="totop"><a href="#summary">back to summary</a></p><h3 id="m12">testcases.downloadPageTest#setup</h3><table class="result"></table><p class="totop"><a href="#summary">back to summary</a></p><h3 id="m13">testcases.downloadPageTest#teardown</h3><table class="result"></table><p class="totop"><a href="#summary">back to summary</a></p><h3 id="m14">testcases.downloadPageTest#teardown</h3><table class="result"></table><p class="totop"><a href="#summary">back to summary</a></p><h3 id="m15">testcases.orderPageTest#setup</h3><table class="result"></table><p class="totop"><a href="#summary">back to summary</a></p><h3 id="m16">testcases.orderPageTest#setup</h3><table class="result"></table><p class="totop"><a href="#summary">back to summary</a></p><h3 id="m17">testcases.orderPageTest#teardown</h3><table class="result"></table><p class="totop"><a href="#summary">back to summary</a></p><h3 id="m18">testcases.orderPageTest#teardown</h3><table class="result"></table><p class="totop"><a href="#summary">back to summary</a></p><h3 id="m19">testcases.orderPageTest#teardown</h3><table class="result"></table><p class="totop"><a href="#summary">back to summary</a></p><h3 id="m20">testcases.accountDetailsPagetest#passwordChangeTest</h3><table class="result"><tr class="param"><th>Parameter #1</th><th>Parameter #2</th></tr><tr class="param stripe"><td>Rad!Rad3</td><td>Rad!Rad1</td></tr></table><p class="totop"><a href="#summary">back to summary</a></p><h3 id="m21">testcases.accountDetailsPagetest#passwordChangeTest</h3><table class="result"><tr class="param"><th>Parameter #1</th><th>Parameter #2</th></tr><tr class="param stripe"><td>Rad!Rad2</td><td>Rad!Rad3</td></tr></table><p class="totop"><a href="#summary">back to summary</a></p><h3 id="m22">testcases.addressPageTest#BillingAddressTextvisibleTest</h3><table class="result"></table><p class="totop"><a href="#summary">back to summary</a></p><h3 id="m23">testcases.addressPageTest#ShippingAddressTextvisibleTest</h3><table class="result"></table><p class="totop"><a href="#summary">back to summary</a></p><h3 id="m24">testcases.addressPageTest#UpdateBillingAddressTest</h3><table class="result"><tr class="param"><th>Parameter #1</th><th>Parameter #2</th><th>Parameter #3</th><th>Parameter #4</th><th>Parameter #5</th><th>Parameter #6</th><th>Parameter #7</th><th>Parameter #8</th></tr><tr class="param stripe"><td>abc</td><td>def</td><td>1234567890</td><td>India</td><td>Pune</td><td>Pune</td><td>Maharashtra</td><td>411045</td></tr></table><p class="totop"><a href="#summary">back to summary</a></p><h3 id="m25">testcases.downloadPageTest#goshopbuttonPresentTest</h3><table class="result"></table><p class="totop"><a href="#summary">back to summary</a></p><h3 id="m26">testcases.downloadPageTest#validateDownloadPageTitleTest</h3><table class="result"></table><p class="totop"><a href="#summary">back to summary</a></p><h3 id="m27">testcases.orderPageTest#ShopTest</h3><table class="result"></table><p class="totop"><a href="#summary">back to summary</a></p><h3 id="m28">testcases.orderPageTest#goshopbuttonPresentTest</h3><table class="result"></table><p class="totop"><a href="#summary">back to summary</a></p><h3 id="m29">testcases.orderPageTest#validateOrderPageTitleTest</h3><table class="result"></table><p class="totop"><a href="#summary">back to summary</a></p><h3 id="m30">testcases.accountDetailsPagetest#addnameTest</h3><table class="result"><tr class="param"><th>Parameter #1</th><th>Parameter #2</th></tr><tr class="param stripe"><td>user2</td><td>pwd</td></tr></table><p class="totop"><a href="#summary">back to summary</a></p><h3 id="m31">testcases.accountDetailsPagetest#addnameTest</h3><table class="result"><tr class="param"><th>Parameter #1</th><th>Parameter #2</th></tr><tr class="param stripe"><td>user3</td><td>pwd</td></tr></table><p class="totop"><a href="#summary">back to summary</a></p><h3 id="m32">testcases.accountDetailsPagetest#addnameTest</h3><table class="result"><tr class="param"><th>Parameter #1</th><th>Parameter #2</th></tr><tr class="param stripe"><td>user4</td><td>pwd</td></tr></table><p class="totop"><a href="#summary">back to summary</a></p><h3 id="m33">testcases.accountDetailsPagetest#addnameTest</h3><table class="result"><tr class="param"><th>Parameter #1</th><th>Parameter #2</th></tr><tr class="param stripe"><td>user1</td><td>pwd1</td></tr></table><p class="totop"><a href="#summary">back to summary</a></p><h3 id="m34">testcases.accountDetailsPagetest#passwordChangeTest</h3><table class="result"><tr class="param"><th>Parameter #1</th><th>Parameter #2</th></tr><tr class="param stripe"><td>Rad!Rad1</td><td>Rad!Rad2</td></tr></table><p class="totop"><a href="#summary">back to summary</a></p><h3 id="m35">testcases.dashBoardPageTest#BillingLinkTest</h3><table class="result"></table><p class="totop"><a href="#summary">back to summary</a></p><h3 id="m36">testcases.dashBoardPageTest#accountDetailsLinkTest</h3><table class="result"></table><p class="totop"><a href="#summary">back to summary</a></p><h3 id="m37">testcases.dashBoardPageTest#dashboardTitleTest</h3><table class="result"></table><p class="totop"><a href="#summary">back to summary</a></p><h3 id="m38">testcases.dashBoardPageTest#orderLinkTest</h3><table class="result"></table><p class="totop"><a href="#summary">back to summary</a></p><h3 id="m39">testcases.logInPageTest#loginPageTitleTest</h3><table class="result"></table><p class="totop"><a href="#summary">back to summary</a></p><h3 id="m40">testcases.logInPageTest#logintotheAccount</h3><table class="result"></table><p class="totop"><a href="#summary">back to summary</a></p><h3 id="m41">testcases.logInPageTest#logoImagetest</h3><table class="result"></table><p class="totop"><a href="#summary">back to summary</a></p></body></html>