<?xml version="1.0" encoding="UTF-8"?>
<testng-results skipped="10" failed="0" total="22" passed="12">
  <reporter-output>
  </reporter-output>
  <suite name="Automation testing" duration-ms="819666" started-at="2019-04-11T08:09:03Z" finished-at="2019-04-11T08:22:42Z">
    <groups>
    </groups>
    <test name="Testing Report" duration-ms="819666" started-at="2019-04-11T08:09:03Z" finished-at="2019-04-11T08:22:42Z">
      <class name="testcases.orderPageTest">
        <test-method status="FAIL" signature="setup()[pri:0, instance:testcases.orderPageTest@13969fbe]" name="setup" is-config="true" duration-ms="0" started-at="2019-04-11T13:51:52Z" finished-at="2019-04-11T13:51:52Z">
          <exception class="org.openqa.selenium.NoSuchElementException">
            <message>
              <![CDATA[no such element: Unable to locate element: {"method":"xpath","selector":"//a[contains(text(),'recent orders')]"}
  (Session info: chrome=73.0.3683.86)
  (Driver info: chromedriver=2.45.615291 (ec3682e3c9061c10f26ea9e5cdcf3c53f3f74387),platform=Windows NT 10.0.17134 x86_64) (WARNING: The server did not provide any stacktrace information)
Command duration or timeout: 0 milliseconds
For documentation on this error, please visit: http://seleniumhq.org/exceptions/no_such_element.html
Build info: version: '3.5.2', revision: '10229a9', time: '2017-08-21T17:29:55.15Z'
System info: host: 'LAPTOP-345AI7ST', ip: '192.168.1.9', os.name: 'Windows 10', os.arch: 'amd64', os.version: '10.0', java.version: '1.8.0_161'
Driver info: org.openqa.selenium.chrome.ChromeDriver
Capabilities [{mobileEmulationEnabled=false, timeouts={implicit=0, pageLoad=300000, script=30000}, hasTouchScreen=false, platform=XP, acceptSslCerts=false, goog:chromeOptions={debuggerAddress=localhost:57089}, acceptInsecureCerts=false, webStorageEnabled=true, browserName=chrome, takesScreenshot=true, javascriptEnabled=true, setWindowRect=true, unexpectedAlertBehaviour=ignore, applicationCacheEnabled=false, rotatable=false, networkConnectionEnabled=false, chrome={chromedriverVersion=2.45.615291 (ec3682e3c9061c10f26ea9e5cdcf3c53f3f74387), userDataDir=C:\Users\Lenovo\AppData\Local\Temp\scoped_dir14032_12024}, takesHeapSnapshot=true, unhandledPromptBehavior=ignore, pageLoadStrategy=normal, strictFileInteractability=false, databaseEnabled=false, handlesAlerts=true, version=73.0.3683.86, browserConnectionEnabled=false, proxy=Proxy(), nativeEvents=true, locationContextEnabled=true, cssSelectorsEnabled=true}]
Session ID: ace682319487e24287e086a17e0e5c79
*** Element info: {Using=xpath, value=//a[contains(text(),'recent orders')]}]]>
            </message>
            <full-stacktrace>
              <![CDATA[org.openqa.selenium.NoSuchElementException: no such element: Unable to locate element: {"method":"xpath","selector":"//a[contains(text(),'recent orders')]"}
  (Session info: chrome=73.0.3683.86)
  (Driver info: chromedriver=2.45.615291 (ec3682e3c9061c10f26ea9e5cdcf3c53f3f74387),platform=Windows NT 10.0.17134 x86_64) (WARNING: The server did not provide any stacktrace information)
Command duration or timeout: 0 milliseconds
For documentation on this error, please visit: http://seleniumhq.org/exceptions/no_such_element.html
Build info: version: '3.5.2', revision: '10229a9', time: '2017-08-21T17:29:55.15Z'
System info: host: 'LAPTOP-345AI7ST', ip: '192.168.1.9', os.name: 'Windows 10', os.arch: 'amd64', os.version: '10.0', java.version: '1.8.0_161'
Driver info: org.openqa.selenium.chrome.ChromeDriver
Capabilities [{mobileEmulationEnabled=false, timeouts={implicit=0, pageLoad=300000, script=30000}, hasTouchScreen=false, platform=XP, acceptSslCerts=false, goog:chromeOptions={debuggerAddress=localhost:57089}, acceptInsecureCerts=false, webStorageEnabled=true, browserName=chrome, takesScreenshot=true, javascriptEnabled=true, setWindowRect=true, unexpectedAlertBehaviour=ignore, applicationCacheEnabled=false, rotatable=false, networkConnectionEnabled=false, chrome={chromedriverVersion=2.45.615291 (ec3682e3c9061c10f26ea9e5cdcf3c53f3f74387), userDataDir=C:\Users\Lenovo\AppData\Local\Temp\scoped_dir14032_12024}, takesHeapSnapshot=true, unhandledPromptBehavior=ignore, pageLoadStrategy=normal, strictFileInteractability=false, databaseEnabled=false, handlesAlerts=true, version=73.0.3683.86, browserConnectionEnabled=false, proxy=Proxy(), nativeEvents=true, locationContextEnabled=true, cssSelectorsEnabled=true}]
Session ID: ace682319487e24287e086a17e0e5c79
*** Element info: {Using=xpath, value=//a[contains(text(),'recent orders')]}
	at sun.reflect.NativeConstructorAccessorImpl.newInstance0(Native Method)
	at sun.reflect.NativeConstructorAccessorImpl.newInstance(Unknown Source)
	at sun.reflect.DelegatingConstructorAccessorImpl.newInstance(Unknown Source)
	at java.lang.reflect.Constructor.newInstance(Unknown Source)
	at org.openqa.selenium.remote.ErrorHandler.createThrowable(ErrorHandler.java:215)
	at org.openqa.selenium.remote.ErrorHandler.throwIfResponseFailed(ErrorHandler.java:167)
	at org.openqa.selenium.remote.http.JsonHttpResponseCodec.reconstructValue(JsonHttpResponseCodec.java:40)
	at org.openqa.selenium.remote.http.AbstractHttpResponseCodec.decode(AbstractHttpResponseCodec.java:82)
	at org.openqa.selenium.remote.http.AbstractHttpResponseCodec.decode(AbstractHttpResponseCodec.java:45)
	at org.openqa.selenium.remote.HttpCommandExecutor.execute(HttpCommandExecutor.java:164)
	at org.openqa.selenium.remote.service.DriverCommandExecutor.execute(DriverCommandExecutor.java:82)
	at org.openqa.selenium.remote.RemoteWebDriver.execute(RemoteWebDriver.java:641)
	at org.openqa.selenium.remote.RemoteWebDriver.findElement(RemoteWebDriver.java:414)
	at org.openqa.selenium.remote.RemoteWebDriver.findElementByXPath(RemoteWebDriver.java:513)
	at org.openqa.selenium.By$ByXPath.findElement(By.java:361)
	at org.openqa.selenium.remote.RemoteWebDriver.findElement(RemoteWebDriver.java:406)
	at appLib.dashboardPage.clickOnOrderLink(dashboardPage.java:20)
	at testcases.orderPageTest.setup(orderPageTest.java:29)
	at sun.reflect.NativeMethodAccessorImpl.invoke0(Native Method)
	at sun.reflect.NativeMethodAccessorImpl.invoke(Unknown Source)
	at sun.reflect.DelegatingMethodAccessorImpl.invoke(Unknown Source)
	at java.lang.reflect.Method.invoke(Unknown Source)
	at org.testng.internal.MethodInvocationHelper.invokeMethod(MethodInvocationHelper.java:86)
	at org.testng.internal.Invoker.invokeConfigurationMethod(Invoker.java:514)
	at org.testng.internal.Invoker.invokeConfigurations(Invoker.java:215)
	at org.testng.internal.Invoker.invokeMethod(Invoker.java:589)
	at org.testng.internal.Invoker.invokeTestMethod(Invoker.java:820)
	at org.testng.internal.Invoker.invokeTestMethods(Invoker.java:1128)
	at org.testng.internal.TestMethodWorker.invokeTestMethods(TestMethodWorker.java:129)
	at org.testng.internal.TestMethodWorker.run(TestMethodWorker.java:112)
	at org.testng.TestRunner.privateRun(TestRunner.java:782)
	at org.testng.TestRunner.run(TestRunner.java:632)
	at org.testng.SuiteRunner.runTest(SuiteRunner.java:366)
	at org.testng.SuiteRunner.runSequentially(SuiteRunner.java:361)
	at org.testng.SuiteRunner.privateRun(SuiteRunner.java:319)
	at org.testng.SuiteRunner.run(SuiteRunner.java:268)
	at org.testng.SuiteRunnerWorker.runSuite(SuiteRunnerWorker.java:52)
	at org.testng.SuiteRunnerWorker.run(SuiteRunnerWorker.java:86)
	at org.testng.TestNG.runSuitesSequentially(TestNG.java:1244)
	at org.testng.TestNG.runSuitesLocally(TestNG.java:1169)
	at org.testng.TestNG.run(TestNG.java:1064)
	at org.testng.remote.RemoteTestNG.run(RemoteTestNG.java:113)
	at org.testng.remote.RemoteTestNG.initAndRun(RemoteTestNG.java:206)
	at org.testng.remote.RemoteTestNG.main(RemoteTestNG.java:177)
]]>
            </full-stacktrace>
          </exception> <!-- org.openqa.selenium.NoSuchElementException -->
          <reporter-output>
          </reporter-output>
        </test-method> <!-- setup -->
        <test-method status="SKIP" signature="ShopTest()[pri:1, instance:testcases.orderPageTest@13969fbe]" name="ShopTest" duration-ms="1" started-at="2019-04-11T13:52:42Z" finished-at="2019-04-11T13:52:42Z">
          <reporter-output>
          </reporter-output>
        </test-method> <!-- ShopTest -->
        <test-method status="SKIP" signature="teardown()[pri:0, instance:testcases.orderPageTest@13969fbe]" name="teardown" is-config="true" duration-ms="0" started-at="2019-04-11T13:52:42Z" finished-at="2019-04-11T13:52:42Z">
          <reporter-output>
          </reporter-output>
        </test-method> <!-- teardown -->
        <test-method status="SKIP" signature="setup()[pri:0, instance:testcases.orderPageTest@13969fbe]" name="setup" is-config="true" duration-ms="0" started-at="2019-04-11T13:52:42Z" finished-at="2019-04-11T13:52:42Z">
          <reporter-output>
          </reporter-output>
        </test-method> <!-- setup -->
        <test-method status="SKIP" signature="goshopbuttonPresentTest()[pri:2, instance:testcases.orderPageTest@13969fbe]" name="goshopbuttonPresentTest" duration-ms="0" started-at="2019-04-11T13:52:42Z" finished-at="2019-04-11T13:52:42Z">
          <reporter-output>
          </reporter-output>
        </test-method> <!-- goshopbuttonPresentTest -->
        <test-method status="SKIP" signature="teardown()[pri:0, instance:testcases.orderPageTest@13969fbe]" name="teardown" is-config="true" duration-ms="0" started-at="2019-04-11T13:52:42Z" finished-at="2019-04-11T13:52:42Z">
          <reporter-output>
          </reporter-output>
        </test-method> <!-- teardown -->
        <test-method status="SKIP" signature="setup()[pri:0, instance:testcases.orderPageTest@13969fbe]" name="setup" is-config="true" duration-ms="0" started-at="2019-04-11T13:52:42Z" finished-at="2019-04-11T13:52:42Z">
          <reporter-output>
          </reporter-output>
        </test-method> <!-- setup -->
        <test-method status="SKIP" signature="validateOrderPageTitleTest()[pri:3, instance:testcases.orderPageTest@13969fbe]" name="validateOrderPageTitleTest" duration-ms="1" started-at="2019-04-11T13:52:42Z" finished-at="2019-04-11T13:52:42Z">
          <reporter-output>
          </reporter-output>
        </test-method> <!-- validateOrderPageTitleTest -->
        <test-method status="SKIP" signature="teardown()[pri:0, instance:testcases.orderPageTest@13969fbe]" name="teardown" is-config="true" duration-ms="0" started-at="2019-04-11T13:52:42Z" finished-at="2019-04-11T13:52:42Z">
          <reporter-output>
          </reporter-output>
        </test-method> <!-- teardown -->
      </class> <!-- testcases.orderPageTest -->
      <class name="testcases.dashBoardPageTest">
        <test-method status="PASS" signature="setup()[pri:0, instance:testcases.dashBoardPageTest@1554909b]" name="setup" is-config="true" duration-ms="39990" started-at="2019-04-11T13:41:00Z" finished-at="2019-04-11T13:41:40Z">
          <reporter-output>
          </reporter-output>
        </test-method> <!-- setup -->
        <test-method status="PASS" signature="dashboardTitleTest()[pri:1, instance:testcases.dashBoardPageTest@1554909b]" name="dashboardTitleTest" duration-ms="16" started-at="2019-04-11T13:41:40Z" finished-at="2019-04-11T13:41:40Z">
          <reporter-output>
          </reporter-output>
        </test-method> <!-- dashboardTitleTest -->
        <test-method status="PASS" signature="tearDown()[pri:0, instance:testcases.dashBoardPageTest@1554909b]" name="tearDown" is-config="true" duration-ms="637" started-at="2019-04-11T13:41:40Z" finished-at="2019-04-11T13:41:40Z">
          <reporter-output>
          </reporter-output>
        </test-method> <!-- tearDown -->
        <test-method status="PASS" signature="setup()[pri:0, instance:testcases.dashBoardPageTest@1554909b]" name="setup" is-config="true" duration-ms="41790" started-at="2019-04-11T13:41:40Z" finished-at="2019-04-11T13:42:22Z">
          <reporter-output>
          </reporter-output>
        </test-method> <!-- setup -->
        <test-method status="PASS" signature="orderLinkTest()[pri:2, instance:testcases.dashBoardPageTest@1554909b]" name="orderLinkTest" duration-ms="4971" started-at="2019-04-11T13:42:22Z" finished-at="2019-04-11T13:42:27Z">
          <reporter-output>
          </reporter-output>
        </test-method> <!-- orderLinkTest -->
        <test-method status="PASS" signature="tearDown()[pri:0, instance:testcases.dashBoardPageTest@1554909b]" name="tearDown" is-config="true" duration-ms="646" started-at="2019-04-11T13:42:27Z" finished-at="2019-04-11T13:42:28Z">
          <reporter-output>
          </reporter-output>
        </test-method> <!-- tearDown -->
        <test-method status="PASS" signature="setup()[pri:0, instance:testcases.dashBoardPageTest@1554909b]" name="setup" is-config="true" duration-ms="41316" started-at="2019-04-11T13:42:28Z" finished-at="2019-04-11T13:43:09Z">
          <reporter-output>
          </reporter-output>
        </test-method> <!-- setup -->
        <test-method status="PASS" signature="BillingLinkTest()[pri:3, instance:testcases.dashBoardPageTest@1554909b]" name="BillingLinkTest" duration-ms="3253" started-at="2019-04-11T13:43:09Z" finished-at="2019-04-11T13:43:12Z">
          <reporter-output>
          </reporter-output>
        </test-method> <!-- BillingLinkTest -->
        <test-method status="PASS" signature="tearDown()[pri:0, instance:testcases.dashBoardPageTest@1554909b]" name="tearDown" is-config="true" duration-ms="649" started-at="2019-04-11T13:43:12Z" finished-at="2019-04-11T13:43:13Z">
          <reporter-output>
          </reporter-output>
        </test-method> <!-- tearDown -->
        <test-method status="PASS" signature="setup()[pri:0, instance:testcases.dashBoardPageTest@1554909b]" name="setup" is-config="true" duration-ms="39958" started-at="2019-04-11T13:43:13Z" finished-at="2019-04-11T13:43:53Z">
          <reporter-output>
          </reporter-output>
        </test-method> <!-- setup -->
        <test-method status="PASS" signature="accountDetailsLinkTest()[pri:4, instance:testcases.dashBoardPageTest@1554909b]" name="accountDetailsLinkTest" duration-ms="2441" started-at="2019-04-11T13:43:53Z" finished-at="2019-04-11T13:43:55Z">
          <reporter-output>
          </reporter-output>
        </test-method> <!-- accountDetailsLinkTest -->
        <test-method status="PASS" signature="tearDown()[pri:0, instance:testcases.dashBoardPageTest@1554909b]" name="tearDown" is-config="true" duration-ms="648" started-at="2019-04-11T13:43:55Z" finished-at="2019-04-11T13:43:56Z">
          <reporter-output>
          </reporter-output>
        </test-method> <!-- tearDown -->
      </class> <!-- testcases.dashBoardPageTest -->
      <class name="testcases.addressPageTest">
        <test-method status="FAIL" signature="setup()[pri:0, instance:testcases.addressPageTest@6cd8737]" name="setup" is-config="true" duration-ms="0" started-at="2019-04-11T13:50:09Z" finished-at="2019-04-11T13:50:09Z">
          <exception class="org.openqa.selenium.NoSuchElementException">
            <message>
              <![CDATA[no such element: Unable to locate element: {"method":"xpath","selector":"//a[contains(text(),'shipping and billing addresses')] "}
  (Session info: chrome=73.0.3683.86)
  (Driver info: chromedriver=2.45.615291 (ec3682e3c9061c10f26ea9e5cdcf3c53f3f74387),platform=Windows NT 10.0.17134 x86_64) (WARNING: The server did not provide any stacktrace information)
Command duration or timeout: 0 milliseconds
For documentation on this error, please visit: http://seleniumhq.org/exceptions/no_such_element.html
Build info: version: '3.5.2', revision: '10229a9', time: '2017-08-21T17:29:55.15Z'
System info: host: 'LAPTOP-345AI7ST', ip: '192.168.1.9', os.name: 'Windows 10', os.arch: 'amd64', os.version: '10.0', java.version: '1.8.0_161'
Driver info: org.openqa.selenium.chrome.ChromeDriver
Capabilities [{mobileEmulationEnabled=false, timeouts={implicit=0, pageLoad=300000, script=30000}, hasTouchScreen=false, platform=XP, acceptSslCerts=false, goog:chromeOptions={debuggerAddress=localhost:56806}, acceptInsecureCerts=false, webStorageEnabled=true, browserName=chrome, takesScreenshot=true, javascriptEnabled=true, setWindowRect=true, unexpectedAlertBehaviour=ignore, applicationCacheEnabled=false, rotatable=false, networkConnectionEnabled=false, chrome={chromedriverVersion=2.45.615291 (ec3682e3c9061c10f26ea9e5cdcf3c53f3f74387), userDataDir=C:\Users\Lenovo\AppData\Local\Temp\scoped_dir14516_29885}, takesHeapSnapshot=true, unhandledPromptBehavior=ignore, pageLoadStrategy=normal, strictFileInteractability=false, databaseEnabled=false, handlesAlerts=true, version=73.0.3683.86, browserConnectionEnabled=false, proxy=Proxy(), nativeEvents=true, locationContextEnabled=true, cssSelectorsEnabled=true}]
Session ID: 9776e5e035bd179d03b76b4c564b8f26
*** Element info: {Using=xpath, value=//a[contains(text(),'shipping and billing addresses')] }]]>
            </message>
            <full-stacktrace>
              <![CDATA[org.openqa.selenium.NoSuchElementException: no such element: Unable to locate element: {"method":"xpath","selector":"//a[contains(text(),'shipping and billing addresses')] "}
  (Session info: chrome=73.0.3683.86)
  (Driver info: chromedriver=2.45.615291 (ec3682e3c9061c10f26ea9e5cdcf3c53f3f74387),platform=Windows NT 10.0.17134 x86_64) (WARNING: The server did not provide any stacktrace information)
Command duration or timeout: 0 milliseconds
For documentation on this error, please visit: http://seleniumhq.org/exceptions/no_such_element.html
Build info: version: '3.5.2', revision: '10229a9', time: '2017-08-21T17:29:55.15Z'
System info: host: 'LAPTOP-345AI7ST', ip: '192.168.1.9', os.name: 'Windows 10', os.arch: 'amd64', os.version: '10.0', java.version: '1.8.0_161'
Driver info: org.openqa.selenium.chrome.ChromeDriver
Capabilities [{mobileEmulationEnabled=false, timeouts={implicit=0, pageLoad=300000, script=30000}, hasTouchScreen=false, platform=XP, acceptSslCerts=false, goog:chromeOptions={debuggerAddress=localhost:56806}, acceptInsecureCerts=false, webStorageEnabled=true, browserName=chrome, takesScreenshot=true, javascriptEnabled=true, setWindowRect=true, unexpectedAlertBehaviour=ignore, applicationCacheEnabled=false, rotatable=false, networkConnectionEnabled=false, chrome={chromedriverVersion=2.45.615291 (ec3682e3c9061c10f26ea9e5cdcf3c53f3f74387), userDataDir=C:\Users\Lenovo\AppData\Local\Temp\scoped_dir14516_29885}, takesHeapSnapshot=true, unhandledPromptBehavior=ignore, pageLoadStrategy=normal, strictFileInteractability=false, databaseEnabled=false, handlesAlerts=true, version=73.0.3683.86, browserConnectionEnabled=false, proxy=Proxy(), nativeEvents=true, locationContextEnabled=true, cssSelectorsEnabled=true}]
Session ID: 9776e5e035bd179d03b76b4c564b8f26
*** Element info: {Using=xpath, value=//a[contains(text(),'shipping and billing addresses')] }
	at sun.reflect.NativeConstructorAccessorImpl.newInstance0(Native Method)
	at sun.reflect.NativeConstructorAccessorImpl.newInstance(Unknown Source)
	at sun.reflect.DelegatingConstructorAccessorImpl.newInstance(Unknown Source)
	at java.lang.reflect.Constructor.newInstance(Unknown Source)
	at org.openqa.selenium.remote.ErrorHandler.createThrowable(ErrorHandler.java:215)
	at org.openqa.selenium.remote.ErrorHandler.throwIfResponseFailed(ErrorHandler.java:167)
	at org.openqa.selenium.remote.http.JsonHttpResponseCodec.reconstructValue(JsonHttpResponseCodec.java:40)
	at org.openqa.selenium.remote.http.AbstractHttpResponseCodec.decode(AbstractHttpResponseCodec.java:82)
	at org.openqa.selenium.remote.http.AbstractHttpResponseCodec.decode(AbstractHttpResponseCodec.java:45)
	at org.openqa.selenium.remote.HttpCommandExecutor.execute(HttpCommandExecutor.java:164)
	at org.openqa.selenium.remote.service.DriverCommandExecutor.execute(DriverCommandExecutor.java:82)
	at org.openqa.selenium.remote.RemoteWebDriver.execute(RemoteWebDriver.java:641)
	at org.openqa.selenium.remote.RemoteWebDriver.findElement(RemoteWebDriver.java:414)
	at org.openqa.selenium.remote.RemoteWebDriver.findElementByXPath(RemoteWebDriver.java:513)
	at org.openqa.selenium.By$ByXPath.findElement(By.java:361)
	at org.openqa.selenium.remote.RemoteWebDriver.findElement(RemoteWebDriver.java:406)
	at appLib.dashboardPage.clickOnBillingLink(dashboardPage.java:25)
	at testcases.addressPageTest.setup(addressPageTest.java:32)
	at sun.reflect.NativeMethodAccessorImpl.invoke0(Native Method)
	at sun.reflect.NativeMethodAccessorImpl.invoke(Unknown Source)
	at sun.reflect.DelegatingMethodAccessorImpl.invoke(Unknown Source)
	at java.lang.reflect.Method.invoke(Unknown Source)
	at org.testng.internal.MethodInvocationHelper.invokeMethod(MethodInvocationHelper.java:86)
	at org.testng.internal.Invoker.invokeConfigurationMethod(Invoker.java:514)
	at org.testng.internal.Invoker.invokeConfigurations(Invoker.java:215)
	at org.testng.internal.Invoker.invokeMethod(Invoker.java:589)
	at org.testng.internal.Invoker.invokeTestMethod(Invoker.java:820)
	at org.testng.internal.Invoker.invokeTestMethods(Invoker.java:1128)
	at org.testng.internal.TestMethodWorker.invokeTestMethods(TestMethodWorker.java:129)
	at org.testng.internal.TestMethodWorker.run(TestMethodWorker.java:112)
	at org.testng.TestRunner.privateRun(TestRunner.java:782)
	at org.testng.TestRunner.run(TestRunner.java:632)
	at org.testng.SuiteRunner.runTest(SuiteRunner.java:366)
	at org.testng.SuiteRunner.runSequentially(SuiteRunner.java:361)
	at org.testng.SuiteRunner.privateRun(SuiteRunner.java:319)
	at org.testng.SuiteRunner.run(SuiteRunner.java:268)
	at org.testng.SuiteRunnerWorker.runSuite(SuiteRunnerWorker.java:52)
	at org.testng.SuiteRunnerWorker.run(SuiteRunnerWorker.java:86)
	at org.testng.TestNG.runSuitesSequentially(TestNG.java:1244)
	at org.testng.TestNG.runSuitesLocally(TestNG.java:1169)
	at org.testng.TestNG.run(TestNG.java:1064)
	at org.testng.remote.RemoteTestNG.run(RemoteTestNG.java:113)
	at org.testng.remote.RemoteTestNG.initAndRun(RemoteTestNG.java:206)
	at org.testng.remote.RemoteTestNG.main(RemoteTestNG.java:177)
]]>
            </full-stacktrace>
          </exception> <!-- org.openqa.selenium.NoSuchElementException -->
          <reporter-output>
          </reporter-output>
        </test-method> <!-- setup -->
        <test-method status="SKIP" signature="UpdateBillingAddressTest(java.lang.String, java.lang.String, java.lang.String, java.lang.String, java.lang.String, java.lang.String, java.lang.String, java.lang.String)[pri:1, instance:testcases.addressPageTest@6cd8737]" name="UpdateBillingAddressTest" duration-ms="1" started-at="2019-04-11T13:51:01Z" data-provider="updateAddress" finished-at="2019-04-11T13:51:01Z">
          <params>
            <param index="0">
              <value>
                <![CDATA[abc]]>
              </value>
            </param>
            <param index="1">
              <value>
                <![CDATA[def]]>
              </value>
            </param>
            <param index="2">
              <value>
                <![CDATA[1234567890]]>
              </value>
            </param>
            <param index="3">
              <value>
                <![CDATA[India]]>
              </value>
            </param>
            <param index="4">
              <value>
                <![CDATA[Pune]]>
              </value>
            </param>
            <param index="5">
              <value>
                <![CDATA[Pune]]>
              </value>
            </param>
            <param index="6">
              <value>
                <![CDATA[Maharashtra]]>
              </value>
            </param>
            <param index="7">
              <value>
                <![CDATA[411045]]>
              </value>
            </param>
          </params>
          <reporter-output>
          </reporter-output>
        </test-method> <!-- UpdateBillingAddressTest -->
        <test-method status="SKIP" signature="teardown()[pri:0, instance:testcases.addressPageTest@6cd8737]" name="teardown" is-config="true" duration-ms="0" started-at="2019-04-11T13:51:01Z" finished-at="2019-04-11T13:51:01Z">
          <reporter-output>
          </reporter-output>
        </test-method> <!-- teardown -->
        <test-method status="SKIP" signature="BillingAddressTextvisibleTest()[pri:2, instance:testcases.addressPageTest@6cd8737]" name="BillingAddressTextvisibleTest" duration-ms="1" started-at="2019-04-11T13:51:01Z" finished-at="2019-04-11T13:51:01Z">
          <reporter-output>
          </reporter-output>
        </test-method> <!-- BillingAddressTextvisibleTest -->
        <test-method status="SKIP" signature="setup()[pri:0, instance:testcases.addressPageTest@6cd8737]" name="setup" is-config="true" duration-ms="0" started-at="2019-04-11T13:51:01Z" finished-at="2019-04-11T13:51:01Z">
          <reporter-output>
          </reporter-output>
        </test-method> <!-- setup -->
        <test-method status="SKIP" signature="teardown()[pri:0, instance:testcases.addressPageTest@6cd8737]" name="teardown" is-config="true" duration-ms="0" started-at="2019-04-11T13:51:01Z" finished-at="2019-04-11T13:51:01Z">
          <reporter-output>
          </reporter-output>
        </test-method> <!-- teardown -->
        <test-method status="SKIP" signature="setup()[pri:0, instance:testcases.addressPageTest@6cd8737]" name="setup" is-config="true" duration-ms="0" started-at="2019-04-11T13:51:01Z" finished-at="2019-04-11T13:51:01Z">
          <reporter-output>
          </reporter-output>
        </test-method> <!-- setup -->
        <test-method status="SKIP" signature="ShippingAddressTextvisibleTest()[pri:3, instance:testcases.addressPageTest@6cd8737]" name="ShippingAddressTextvisibleTest" duration-ms="1" started-at="2019-04-11T13:51:01Z" finished-at="2019-04-11T13:51:01Z">
          <reporter-output>
          </reporter-output>
        </test-method> <!-- ShippingAddressTextvisibleTest -->
        <test-method status="SKIP" signature="teardown()[pri:0, instance:testcases.addressPageTest@6cd8737]" name="teardown" is-config="true" duration-ms="0" started-at="2019-04-11T13:51:01Z" finished-at="2019-04-11T13:51:01Z">
          <reporter-output>
          </reporter-output>
        </test-method> <!-- teardown -->
      </class> <!-- testcases.addressPageTest -->
      <class name="testcases.logInPageTest">
        <test-method status="PASS" signature="setup()[pri:0, instance:testcases.logInPageTest@6108b2d7]" name="setup" is-config="true" duration-ms="37088" started-at="2019-04-11T13:39:03Z" finished-at="2019-04-11T13:39:40Z">
          <reporter-output>
          </reporter-output>
        </test-method> <!-- setup -->
        <test-method status="PASS" signature="loginPageTitleTest()[pri:1, instance:testcases.logInPageTest@6108b2d7]" name="loginPageTitleTest" duration-ms="16" started-at="2019-04-11T13:39:40Z" finished-at="2019-04-11T13:39:40Z">
          <reporter-output>
          </reporter-output>
        </test-method> <!-- loginPageTitleTest -->
        <test-method status="PASS" signature="tearDown()[pri:0, instance:testcases.logInPageTest@6108b2d7]" name="tearDown" is-config="true" duration-ms="678" started-at="2019-04-11T13:39:40Z" finished-at="2019-04-11T13:39:40Z">
          <reporter-output>
          </reporter-output>
        </test-method> <!-- tearDown -->
        <test-method status="PASS" signature="setup()[pri:0, instance:testcases.logInPageTest@6108b2d7]" name="setup" is-config="true" duration-ms="36195" started-at="2019-04-11T13:39:40Z" finished-at="2019-04-11T13:40:17Z">
          <reporter-output>
          </reporter-output>
        </test-method> <!-- setup -->
        <test-method status="PASS" signature="logoImagetest()[pri:2, instance:testcases.logInPageTest@6108b2d7]" name="logoImagetest" duration-ms="43" started-at="2019-04-11T13:40:17Z" finished-at="2019-04-11T13:40:17Z">
          <reporter-output>
          </reporter-output>
        </test-method> <!-- logoImagetest -->
        <test-method status="PASS" signature="tearDown()[pri:0, instance:testcases.logInPageTest@6108b2d7]" name="tearDown" is-config="true" duration-ms="624" started-at="2019-04-11T13:40:17Z" finished-at="2019-04-11T13:40:17Z">
          <reporter-output>
          </reporter-output>
        </test-method> <!-- tearDown -->
        <test-method status="PASS" signature="setup()[pri:0, instance:testcases.logInPageTest@6108b2d7]" name="setup" is-config="true" duration-ms="35977" started-at="2019-04-11T13:40:17Z" finished-at="2019-04-11T13:40:53Z">
          <reporter-output>
          </reporter-output>
        </test-method> <!-- setup -->
        <test-method status="PASS" signature="logintotheAccount()[pri:3, instance:testcases.logInPageTest@6108b2d7]" name="logintotheAccount" duration-ms="5567" started-at="2019-04-11T13:40:53Z" finished-at="2019-04-11T13:40:59Z">
          <reporter-output>
          </reporter-output>
        </test-method> <!-- logintotheAccount -->
        <test-method status="PASS" signature="tearDown()[pri:0, instance:testcases.logInPageTest@6108b2d7]" name="tearDown" is-config="true" duration-ms="648" started-at="2019-04-11T13:40:59Z" finished-at="2019-04-11T13:41:00Z">
          <reporter-output>
          </reporter-output>
        </test-method> <!-- tearDown -->
      </class> <!-- testcases.logInPageTest -->
      <class name="testcases.downloadPageTest">
        <test-method status="FAIL" signature="setup()[pri:0, instance:testcases.downloadPageTest@22f71333]" name="setup" is-config="true" duration-ms="0" started-at="2019-04-11T13:51:01Z" finished-at="2019-04-11T13:51:01Z">
          <exception class="org.openqa.selenium.NoSuchElementException">
            <message>
              <![CDATA[no such element: Unable to locate element: {"method":"xpath","selector":"//a[contains(text(),'Downloads')]"}
  (Session info: chrome=73.0.3683.86)
  (Driver info: chromedriver=2.45.615291 (ec3682e3c9061c10f26ea9e5cdcf3c53f3f74387),platform=Windows NT 10.0.17134 x86_64) (WARNING: The server did not provide any stacktrace information)
Command duration or timeout: 0 milliseconds
For documentation on this error, please visit: http://seleniumhq.org/exceptions/no_such_element.html
Build info: version: '3.5.2', revision: '10229a9', time: '2017-08-21T17:29:55.15Z'
System info: host: 'LAPTOP-345AI7ST', ip: '192.168.1.9', os.name: 'Windows 10', os.arch: 'amd64', os.version: '10.0', java.version: '1.8.0_161'
Driver info: org.openqa.selenium.chrome.ChromeDriver
Capabilities [{mobileEmulationEnabled=false, timeouts={implicit=0, pageLoad=300000, script=30000}, hasTouchScreen=false, platform=XP, acceptSslCerts=false, goog:chromeOptions={debuggerAddress=localhost:56958}, acceptInsecureCerts=false, webStorageEnabled=true, browserName=chrome, takesScreenshot=true, javascriptEnabled=true, setWindowRect=true, unexpectedAlertBehaviour=ignore, applicationCacheEnabled=false, rotatable=false, networkConnectionEnabled=false, chrome={chromedriverVersion=2.45.615291 (ec3682e3c9061c10f26ea9e5cdcf3c53f3f74387), userDataDir=C:\Users\Lenovo\AppData\Local\Temp\scoped_dir15576_31330}, takesHeapSnapshot=true, unhandledPromptBehavior=ignore, pageLoadStrategy=normal, strictFileInteractability=false, databaseEnabled=false, handlesAlerts=true, version=73.0.3683.86, browserConnectionEnabled=false, proxy=Proxy(), nativeEvents=true, locationContextEnabled=true, cssSelectorsEnabled=true}]
Session ID: 8c5fd0edb5f0dd25b9d7e3051eee9adc
*** Element info: {Using=xpath, value=//a[contains(text(),'Downloads')]}]]>
            </message>
            <full-stacktrace>
              <![CDATA[org.openqa.selenium.NoSuchElementException: no such element: Unable to locate element: {"method":"xpath","selector":"//a[contains(text(),'Downloads')]"}
  (Session info: chrome=73.0.3683.86)
  (Driver info: chromedriver=2.45.615291 (ec3682e3c9061c10f26ea9e5cdcf3c53f3f74387),platform=Windows NT 10.0.17134 x86_64) (WARNING: The server did not provide any stacktrace information)
Command duration or timeout: 0 milliseconds
For documentation on this error, please visit: http://seleniumhq.org/exceptions/no_such_element.html
Build info: version: '3.5.2', revision: '10229a9', time: '2017-08-21T17:29:55.15Z'
System info: host: 'LAPTOP-345AI7ST', ip: '192.168.1.9', os.name: 'Windows 10', os.arch: 'amd64', os.version: '10.0', java.version: '1.8.0_161'
Driver info: org.openqa.selenium.chrome.ChromeDriver
Capabilities [{mobileEmulationEnabled=false, timeouts={implicit=0, pageLoad=300000, script=30000}, hasTouchScreen=false, platform=XP, acceptSslCerts=false, goog:chromeOptions={debuggerAddress=localhost:56958}, acceptInsecureCerts=false, webStorageEnabled=true, browserName=chrome, takesScreenshot=true, javascriptEnabled=true, setWindowRect=true, unexpectedAlertBehaviour=ignore, applicationCacheEnabled=false, rotatable=false, networkConnectionEnabled=false, chrome={chromedriverVersion=2.45.615291 (ec3682e3c9061c10f26ea9e5cdcf3c53f3f74387), userDataDir=C:\Users\Lenovo\AppData\Local\Temp\scoped_dir15576_31330}, takesHeapSnapshot=true, unhandledPromptBehavior=ignore, pageLoadStrategy=normal, strictFileInteractability=false, databaseEnabled=false, handlesAlerts=true, version=73.0.3683.86, browserConnectionEnabled=false, proxy=Proxy(), nativeEvents=true, locationContextEnabled=true, cssSelectorsEnabled=true}]
Session ID: 8c5fd0edb5f0dd25b9d7e3051eee9adc
*** Element info: {Using=xpath, value=//a[contains(text(),'Downloads')]}
	at sun.reflect.NativeConstructorAccessorImpl.newInstance0(Native Method)
	at sun.reflect.NativeConstructorAccessorImpl.newInstance(Unknown Source)
	at sun.reflect.DelegatingConstructorAccessorImpl.newInstance(Unknown Source)
	at java.lang.reflect.Constructor.newInstance(Unknown Source)
	at org.openqa.selenium.remote.ErrorHandler.createThrowable(ErrorHandler.java:215)
	at org.openqa.selenium.remote.ErrorHandler.throwIfResponseFailed(ErrorHandler.java:167)
	at org.openqa.selenium.remote.http.JsonHttpResponseCodec.reconstructValue(JsonHttpResponseCodec.java:40)
	at org.openqa.selenium.remote.http.AbstractHttpResponseCodec.decode(AbstractHttpResponseCodec.java:82)
	at org.openqa.selenium.remote.http.AbstractHttpResponseCodec.decode(AbstractHttpResponseCodec.java:45)
	at org.openqa.selenium.remote.HttpCommandExecutor.execute(HttpCommandExecutor.java:164)
	at org.openqa.selenium.remote.service.DriverCommandExecutor.execute(DriverCommandExecutor.java:82)
	at org.openqa.selenium.remote.RemoteWebDriver.execute(RemoteWebDriver.java:641)
	at org.openqa.selenium.remote.RemoteWebDriver.findElement(RemoteWebDriver.java:414)
	at org.openqa.selenium.remote.RemoteWebDriver.findElementByXPath(RemoteWebDriver.java:513)
	at org.openqa.selenium.By$ByXPath.findElement(By.java:361)
	at org.openqa.selenium.remote.RemoteWebDriver.findElement(RemoteWebDriver.java:406)
	at appLib.dashboardPage.clickOnDownloadPageLink(dashboardPage.java:35)
	at testcases.downloadPageTest.setup(downloadPageTest.java:29)
	at sun.reflect.NativeMethodAccessorImpl.invoke0(Native Method)
	at sun.reflect.NativeMethodAccessorImpl.invoke(Unknown Source)
	at sun.reflect.DelegatingMethodAccessorImpl.invoke(Unknown Source)
	at java.lang.reflect.Method.invoke(Unknown Source)
	at org.testng.internal.MethodInvocationHelper.invokeMethod(MethodInvocationHelper.java:86)
	at org.testng.internal.Invoker.invokeConfigurationMethod(Invoker.java:514)
	at org.testng.internal.Invoker.invokeConfigurations(Invoker.java:215)
	at org.testng.internal.Invoker.invokeMethod(Invoker.java:589)
	at org.testng.internal.Invoker.invokeTestMethod(Invoker.java:820)
	at org.testng.internal.Invoker.invokeTestMethods(Invoker.java:1128)
	at org.testng.internal.TestMethodWorker.invokeTestMethods(TestMethodWorker.java:129)
	at org.testng.internal.TestMethodWorker.run(TestMethodWorker.java:112)
	at org.testng.TestRunner.privateRun(TestRunner.java:782)
	at org.testng.TestRunner.run(TestRunner.java:632)
	at org.testng.SuiteRunner.runTest(SuiteRunner.java:366)
	at org.testng.SuiteRunner.runSequentially(SuiteRunner.java:361)
	at org.testng.SuiteRunner.privateRun(SuiteRunner.java:319)
	at org.testng.SuiteRunner.run(SuiteRunner.java:268)
	at org.testng.SuiteRunnerWorker.runSuite(SuiteRunnerWorker.java:52)
	at org.testng.SuiteRunnerWorker.run(SuiteRunnerWorker.java:86)
	at org.testng.TestNG.runSuitesSequentially(TestNG.java:1244)
	at org.testng.TestNG.runSuitesLocally(TestNG.java:1169)
	at org.testng.TestNG.run(TestNG.java:1064)
	at org.testng.remote.RemoteTestNG.run(RemoteTestNG.java:113)
	at org.testng.remote.RemoteTestNG.initAndRun(RemoteTestNG.java:206)
	at org.testng.remote.RemoteTestNG.main(RemoteTestNG.java:177)
]]>
            </full-stacktrace>
          </exception> <!-- org.openqa.selenium.NoSuchElementException -->
          <reporter-output>
          </reporter-output>
        </test-method> <!-- setup -->
        <test-method status="SKIP" signature="validateDownloadPageTitleTest()[pri:1, instance:testcases.downloadPageTest@22f71333]" name="validateDownloadPageTitleTest" duration-ms="0" started-at="2019-04-11T13:51:52Z" finished-at="2019-04-11T13:51:52Z">
          <reporter-output>
          </reporter-output>
        </test-method> <!-- validateDownloadPageTitleTest -->
        <test-method status="SKIP" signature="teardown()[pri:0, instance:testcases.downloadPageTest@22f71333]" name="teardown" is-config="true" duration-ms="0" started-at="2019-04-11T13:51:52Z" finished-at="2019-04-11T13:51:52Z">
          <reporter-output>
          </reporter-output>
        </test-method> <!-- teardown -->
        <test-method status="SKIP" signature="setup()[pri:0, instance:testcases.downloadPageTest@22f71333]" name="setup" is-config="true" duration-ms="0" started-at="2019-04-11T13:51:52Z" finished-at="2019-04-11T13:51:52Z">
          <reporter-output>
          </reporter-output>
        </test-method> <!-- setup -->
        <test-method status="SKIP" signature="goshopbuttonPresentTest()[pri:2, instance:testcases.downloadPageTest@22f71333]" name="goshopbuttonPresentTest" duration-ms="1" started-at="2019-04-11T13:51:52Z" finished-at="2019-04-11T13:51:52Z">
          <reporter-output>
          </reporter-output>
        </test-method> <!-- goshopbuttonPresentTest -->
        <test-method status="SKIP" signature="teardown()[pri:0, instance:testcases.downloadPageTest@22f71333]" name="teardown" is-config="true" duration-ms="0" started-at="2019-04-11T13:51:52Z" finished-at="2019-04-11T13:51:52Z">
          <reporter-output>
          </reporter-output>
        </test-method> <!-- teardown -->
      </class> <!-- testcases.downloadPageTest -->
      <class name="testcases.accountDetailsPagetest">
        <test-method status="PASS" signature="setup()[pri:0, instance:testcases.accountDetailsPagetest@6bf256fa]" name="setup" is-config="true" duration-ms="42649" started-at="2019-04-11T13:43:57Z" finished-at="2019-04-11T13:44:39Z">
          <reporter-output>
          </reporter-output>
        </test-method> <!-- setup -->
        <test-method status="PASS" signature="addnameTest(java.lang.String, java.lang.String)[pri:1, instance:testcases.accountDetailsPagetest@6bf256fa]" name="addnameTest" duration-ms="3172" started-at="2019-04-11T13:44:39Z" data-provider="namechange" finished-at="2019-04-11T13:44:42Z">
          <params>
            <param index="0">
              <value>
                <![CDATA[user1]]>
              </value>
            </param>
            <param index="1">
              <value>
                <![CDATA[pwd1]]>
              </value>
            </param>
          </params>
          <reporter-output>
          </reporter-output>
        </test-method> <!-- addnameTest -->
        <test-method status="PASS" signature="teardown()[pri:0, instance:testcases.accountDetailsPagetest@6bf256fa]" name="teardown" is-config="true" duration-ms="638" started-at="2019-04-11T13:44:42Z" finished-at="2019-04-11T13:44:43Z">
          <reporter-output>
          </reporter-output>
        </test-method> <!-- teardown -->
        <test-method status="PASS" signature="setup()[pri:0, instance:testcases.accountDetailsPagetest@6bf256fa]" name="setup" is-config="true" duration-ms="54812" started-at="2019-04-11T13:44:43Z" finished-at="2019-04-11T13:45:38Z">
          <reporter-output>
          </reporter-output>
        </test-method> <!-- setup -->
        <test-method status="PASS" signature="addnameTest(java.lang.String, java.lang.String)[pri:1, instance:testcases.accountDetailsPagetest@6bf256fa]" name="addnameTest" duration-ms="4629" started-at="2019-04-11T13:45:38Z" data-provider="namechange" finished-at="2019-04-11T13:45:43Z">
          <params>
            <param index="0">
              <value>
                <![CDATA[user2]]>
              </value>
            </param>
            <param index="1">
              <value>
                <![CDATA[pwd]]>
              </value>
            </param>
          </params>
          <reporter-output>
          </reporter-output>
        </test-method> <!-- addnameTest -->
        <test-method status="PASS" signature="teardown()[pri:0, instance:testcases.accountDetailsPagetest@6bf256fa]" name="teardown" is-config="true" duration-ms="682" started-at="2019-04-11T13:45:43Z" finished-at="2019-04-11T13:45:43Z">
          <reporter-output>
          </reporter-output>
        </test-method> <!-- teardown -->
        <test-method status="PASS" signature="setup()[pri:0, instance:testcases.accountDetailsPagetest@6bf256fa]" name="setup" is-config="true" duration-ms="54674" started-at="2019-04-11T13:45:43Z" finished-at="2019-04-11T13:46:38Z">
          <reporter-output>
          </reporter-output>
        </test-method> <!-- setup -->
        <test-method status="PASS" signature="addnameTest(java.lang.String, java.lang.String)[pri:1, instance:testcases.accountDetailsPagetest@6bf256fa]" name="addnameTest" duration-ms="20666" started-at="2019-04-11T13:46:38Z" data-provider="namechange" finished-at="2019-04-11T13:46:59Z">
          <params>
            <param index="0">
              <value>
                <![CDATA[user3]]>
              </value>
            </param>
            <param index="1">
              <value>
                <![CDATA[pwd]]>
              </value>
            </param>
          </params>
          <reporter-output>
          </reporter-output>
        </test-method> <!-- addnameTest -->
        <test-method status="PASS" signature="teardown()[pri:0, instance:testcases.accountDetailsPagetest@6bf256fa]" name="teardown" is-config="true" duration-ms="694" started-at="2019-04-11T13:46:59Z" finished-at="2019-04-11T13:46:59Z">
          <reporter-output>
          </reporter-output>
        </test-method> <!-- teardown -->
        <test-method status="PASS" signature="setup()[pri:0, instance:testcases.accountDetailsPagetest@6bf256fa]" name="setup" is-config="true" duration-ms="55411" started-at="2019-04-11T13:46:59Z" finished-at="2019-04-11T13:47:55Z">
          <reporter-output>
          </reporter-output>
        </test-method> <!-- setup -->
        <test-method status="PASS" signature="addnameTest(java.lang.String, java.lang.String)[pri:1, instance:testcases.accountDetailsPagetest@6bf256fa]" name="addnameTest" duration-ms="5037" started-at="2019-04-11T13:47:55Z" data-provider="namechange" finished-at="2019-04-11T13:48:00Z">
          <params>
            <param index="0">
              <value>
                <![CDATA[user4]]>
              </value>
            </param>
            <param index="1">
              <value>
                <![CDATA[pwd]]>
              </value>
            </param>
          </params>
          <reporter-output>
          </reporter-output>
        </test-method> <!-- addnameTest -->
        <test-method status="PASS" signature="teardown()[pri:0, instance:testcases.accountDetailsPagetest@6bf256fa]" name="teardown" is-config="true" duration-ms="667" started-at="2019-04-11T13:48:00Z" finished-at="2019-04-11T13:48:00Z">
          <reporter-output>
          </reporter-output>
        </test-method> <!-- teardown -->
        <test-method status="PASS" signature="setup()[pri:0, instance:testcases.accountDetailsPagetest@6bf256fa]" name="setup" is-config="true" duration-ms="44297" started-at="2019-04-11T13:48:00Z" finished-at="2019-04-11T13:48:45Z">
          <reporter-output>
          </reporter-output>
        </test-method> <!-- setup -->
        <test-method status="PASS" signature="passwordChangeTest(java.lang.String, java.lang.String)[pri:10, instance:testcases.accountDetailsPagetest@6bf256fa]" name="passwordChangeTest" duration-ms="4315" started-at="2019-04-11T13:48:45Z" data-provider="passwordchange" finished-at="2019-04-11T13:48:49Z">
          <params>
            <param index="0">
              <value>
                <![CDATA[Rad!Rad1]]>
              </value>
            </param>
            <param index="1">
              <value>
                <![CDATA[Rad!Rad2]]>
              </value>
            </param>
          </params>
          <reporter-output>
          </reporter-output>
        </test-method> <!-- passwordChangeTest -->
        <test-method status="PASS" signature="teardown()[pri:0, instance:testcases.accountDetailsPagetest@6bf256fa]" name="teardown" is-config="true" duration-ms="669" started-at="2019-04-11T13:48:49Z" finished-at="2019-04-11T13:48:50Z">
          <reporter-output>
          </reporter-output>
        </test-method> <!-- teardown -->
        <test-method status="FAIL" signature="setup()[pri:0, instance:testcases.accountDetailsPagetest@6bf256fa]" name="setup" is-config="true" duration-ms="0" started-at="2019-04-11T13:48:50Z" finished-at="2019-04-11T13:48:50Z">
          <exception class="org.openqa.selenium.NoSuchElementException">
            <message>
              <![CDATA[no such element: Unable to locate element: {"method":"xpath","selector":"//a[contains(text(),'edit your password and account details')] "}
  (Session info: chrome=73.0.3683.86)
  (Driver info: chromedriver=2.45.615291 (ec3682e3c9061c10f26ea9e5cdcf3c53f3f74387),platform=Windows NT 10.0.17134 x86_64) (WARNING: The server did not provide any stacktrace information)
Command duration or timeout: 0 milliseconds
For documentation on this error, please visit: http://seleniumhq.org/exceptions/no_such_element.html
Build info: version: '3.5.2', revision: '10229a9', time: '2017-08-21T17:29:55.15Z'
System info: host: 'LAPTOP-345AI7ST', ip: '192.168.1.9', os.name: 'Windows 10', os.arch: 'amd64', os.version: '10.0', java.version: '1.8.0_161'
Driver info: org.openqa.selenium.chrome.ChromeDriver
Capabilities [{mobileEmulationEnabled=false, timeouts={implicit=0, pageLoad=300000, script=30000}, hasTouchScreen=false, platform=XP, acceptSslCerts=false, goog:chromeOptions={debuggerAddress=localhost:61096}, acceptInsecureCerts=false, webStorageEnabled=true, browserName=chrome, takesScreenshot=true, javascriptEnabled=true, setWindowRect=true, unexpectedAlertBehaviour=ignore, applicationCacheEnabled=false, rotatable=false, networkConnectionEnabled=false, chrome={chromedriverVersion=2.45.615291 (ec3682e3c9061c10f26ea9e5cdcf3c53f3f74387), userDataDir=C:\Users\Lenovo\AppData\Local\Temp\scoped_dir15844_22361}, takesHeapSnapshot=true, unhandledPromptBehavior=ignore, pageLoadStrategy=normal, strictFileInteractability=false, databaseEnabled=false, handlesAlerts=true, version=73.0.3683.86, browserConnectionEnabled=false, proxy=Proxy(), nativeEvents=true, locationContextEnabled=true, cssSelectorsEnabled=true}]
Session ID: b45fdbe23f4559efb03d873f9846356e
*** Element info: {Using=xpath, value=//a[contains(text(),'edit your password and account details')] }]]>
            </message>
            <full-stacktrace>
              <![CDATA[org.openqa.selenium.NoSuchElementException: no such element: Unable to locate element: {"method":"xpath","selector":"//a[contains(text(),'edit your password and account details')] "}
  (Session info: chrome=73.0.3683.86)
  (Driver info: chromedriver=2.45.615291 (ec3682e3c9061c10f26ea9e5cdcf3c53f3f74387),platform=Windows NT 10.0.17134 x86_64) (WARNING: The server did not provide any stacktrace information)
Command duration or timeout: 0 milliseconds
For documentation on this error, please visit: http://seleniumhq.org/exceptions/no_such_element.html
Build info: version: '3.5.2', revision: '10229a9', time: '2017-08-21T17:29:55.15Z'
System info: host: 'LAPTOP-345AI7ST', ip: '192.168.1.9', os.name: 'Windows 10', os.arch: 'amd64', os.version: '10.0', java.version: '1.8.0_161'
Driver info: org.openqa.selenium.chrome.ChromeDriver
Capabilities [{mobileEmulationEnabled=false, timeouts={implicit=0, pageLoad=300000, script=30000}, hasTouchScreen=false, platform=XP, acceptSslCerts=false, goog:chromeOptions={debuggerAddress=localhost:61096}, acceptInsecureCerts=false, webStorageEnabled=true, browserName=chrome, takesScreenshot=true, javascriptEnabled=true, setWindowRect=true, unexpectedAlertBehaviour=ignore, applicationCacheEnabled=false, rotatable=false, networkConnectionEnabled=false, chrome={chromedriverVersion=2.45.615291 (ec3682e3c9061c10f26ea9e5cdcf3c53f3f74387), userDataDir=C:\Users\Lenovo\AppData\Local\Temp\scoped_dir15844_22361}, takesHeapSnapshot=true, unhandledPromptBehavior=ignore, pageLoadStrategy=normal, strictFileInteractability=false, databaseEnabled=false, handlesAlerts=true, version=73.0.3683.86, browserConnectionEnabled=false, proxy=Proxy(), nativeEvents=true, locationContextEnabled=true, cssSelectorsEnabled=true}]
Session ID: b45fdbe23f4559efb03d873f9846356e
*** Element info: {Using=xpath, value=//a[contains(text(),'edit your password and account details')] }
	at sun.reflect.NativeConstructorAccessorImpl.newInstance0(Native Method)
	at sun.reflect.NativeConstructorAccessorImpl.newInstance(Unknown Source)
	at sun.reflect.DelegatingConstructorAccessorImpl.newInstance(Unknown Source)
	at java.lang.reflect.Constructor.newInstance(Unknown Source)
	at org.openqa.selenium.remote.ErrorHandler.createThrowable(ErrorHandler.java:215)
	at org.openqa.selenium.remote.ErrorHandler.throwIfResponseFailed(ErrorHandler.java:167)
	at org.openqa.selenium.remote.http.JsonHttpResponseCodec.reconstructValue(JsonHttpResponseCodec.java:40)
	at org.openqa.selenium.remote.http.AbstractHttpResponseCodec.decode(AbstractHttpResponseCodec.java:82)
	at org.openqa.selenium.remote.http.AbstractHttpResponseCodec.decode(AbstractHttpResponseCodec.java:45)
	at org.openqa.selenium.remote.HttpCommandExecutor.execute(HttpCommandExecutor.java:164)
	at org.openqa.selenium.remote.service.DriverCommandExecutor.execute(DriverCommandExecutor.java:82)
	at org.openqa.selenium.remote.RemoteWebDriver.execute(RemoteWebDriver.java:641)
	at org.openqa.selenium.remote.RemoteWebDriver.findElement(RemoteWebDriver.java:414)
	at org.openqa.selenium.remote.RemoteWebDriver.findElementByXPath(RemoteWebDriver.java:513)
	at org.openqa.selenium.By$ByXPath.findElement(By.java:361)
	at org.openqa.selenium.remote.RemoteWebDriver.findElement(RemoteWebDriver.java:406)
	at appLib.dashboardPage.clickOnAccountDetailsLink(dashboardPage.java:30)
	at testcases.accountDetailsPagetest.setup(accountDetailsPagetest.java:33)
	at sun.reflect.NativeMethodAccessorImpl.invoke0(Native Method)
	at sun.reflect.NativeMethodAccessorImpl.invoke(Unknown Source)
	at sun.reflect.DelegatingMethodAccessorImpl.invoke(Unknown Source)
	at java.lang.reflect.Method.invoke(Unknown Source)
	at org.testng.internal.MethodInvocationHelper.invokeMethod(MethodInvocationHelper.java:86)
	at org.testng.internal.Invoker.invokeConfigurationMethod(Invoker.java:514)
	at org.testng.internal.Invoker.invokeConfigurations(Invoker.java:215)
	at org.testng.internal.Invoker.invokeMethod(Invoker.java:589)
	at org.testng.internal.Invoker.invokeTestMethod(Invoker.java:820)
	at org.testng.internal.Invoker.invokeTestMethods(Invoker.java:1128)
	at org.testng.internal.TestMethodWorker.invokeTestMethods(TestMethodWorker.java:129)
	at org.testng.internal.TestMethodWorker.run(TestMethodWorker.java:112)
	at org.testng.TestRunner.privateRun(TestRunner.java:782)
	at org.testng.TestRunner.run(TestRunner.java:632)
	at org.testng.SuiteRunner.runTest(SuiteRunner.java:366)
	at org.testng.SuiteRunner.runSequentially(SuiteRunner.java:361)
	at org.testng.SuiteRunner.privateRun(SuiteRunner.java:319)
	at org.testng.SuiteRunner.run(SuiteRunner.java:268)
	at org.testng.SuiteRunnerWorker.runSuite(SuiteRunnerWorker.java:52)
	at org.testng.SuiteRunnerWorker.run(SuiteRunnerWorker.java:86)
	at org.testng.TestNG.runSuitesSequentially(TestNG.java:1244)
	at org.testng.TestNG.runSuitesLocally(TestNG.java:1169)
	at org.testng.TestNG.run(TestNG.java:1064)
	at org.testng.remote.RemoteTestNG.run(RemoteTestNG.java:113)
	at org.testng.remote.RemoteTestNG.initAndRun(RemoteTestNG.java:206)
	at org.testng.remote.RemoteTestNG.main(RemoteTestNG.java:177)
]]>
            </full-stacktrace>
          </exception> <!-- org.openqa.selenium.NoSuchElementException -->
          <reporter-output>
          </reporter-output>
        </test-method> <!-- setup -->
        <test-method status="SKIP" signature="passwordChangeTest(java.lang.String, java.lang.String)[pri:10, instance:testcases.accountDetailsPagetest@6bf256fa]" name="passwordChangeTest" duration-ms="1" started-at="2019-04-11T13:50:09Z" data-provider="passwordchange" finished-at="2019-04-11T13:50:09Z">
          <params>
            <param index="0">
              <value>
                <![CDATA[Rad!Rad2]]>
              </value>
            </param>
            <param index="1">
              <value>
                <![CDATA[Rad!Rad3]]>
              </value>
            </param>
          </params>
          <reporter-output>
          </reporter-output>
        </test-method> <!-- passwordChangeTest -->
        <test-method status="SKIP" signature="teardown()[pri:0, instance:testcases.accountDetailsPagetest@6bf256fa]" name="teardown" is-config="true" duration-ms="0" started-at="2019-04-11T13:50:09Z" finished-at="2019-04-11T13:50:09Z">
          <reporter-output>
          </reporter-output>
        </test-method> <!-- teardown -->
        <test-method status="SKIP" signature="setup()[pri:0, instance:testcases.accountDetailsPagetest@6bf256fa]" name="setup" is-config="true" duration-ms="0" started-at="2019-04-11T13:50:09Z" finished-at="2019-04-11T13:50:09Z">
          <reporter-output>
          </reporter-output>
        </test-method> <!-- setup -->
        <test-method status="SKIP" signature="passwordChangeTest(java.lang.String, java.lang.String)[pri:10, instance:testcases.accountDetailsPagetest@6bf256fa]" name="passwordChangeTest" duration-ms="1" started-at="2019-04-11T13:50:09Z" data-provider="passwordchange" finished-at="2019-04-11T13:50:09Z">
          <params>
            <param index="0">
              <value>
                <![CDATA[Rad!Rad3]]>
              </value>
            </param>
            <param index="1">
              <value>
                <![CDATA[Rad!Rad1]]>
              </value>
            </param>
          </params>
          <reporter-output>
          </reporter-output>
        </test-method> <!-- passwordChangeTest -->
        <test-method status="SKIP" signature="teardown()[pri:0, instance:testcases.accountDetailsPagetest@6bf256fa]" name="teardown" is-config="true" duration-ms="0" started-at="2019-04-11T13:50:09Z" finished-at="2019-04-11T13:50:09Z">
          <reporter-output>
          </reporter-output>
        </test-method> <!-- teardown -->
      </class> <!-- testcases.accountDetailsPagetest -->
    </test> <!-- Testing Report -->
  </suite> <!-- Automation testing -->
</testng-results>
